SF:lib/src/engine/spiral_difficulty.dart
DA:20,4
DA:32,3
DA:37,4
DA:39,16
DA:42,8
DA:43,8
DA:46,4
DA:49,3
DA:50,6
DA:52,3
DA:53,6
DA:57,3
DA:58,6
DA:60,3
DA:61,6
DA:64,4
DA:79,2
DA:83,1
DA:84,2
DA:87,2
DA:92,4
DA:93,4
DA:94,2
LF:23
LH:23
end_of_record
SF:lib/src/data/growth_manager.dart
DA:18,3
DA:31,2
DA:41,4
DA:42,4
DA:43,16
DA:47,4
DA:50,4
DA:51,8
DA:52,4
DA:53,3
DA:151,6
DA:178,6
DA:184,4
DA:185,4
DA:188,2
DA:192,10
DA:193,4
LF:17
LH:17
end_of_record
SF:lib/src/audio/game_audio.dart
DA:5,2
DA:7,6
DA:14,1
DA:15,1
DA:17,2
DA:18,0
DA:19,0
DA:25,0
LF:8
LH:5
end_of_record
SF:lib/src/data/achievement_manager.dart
DA:23,3
DA:79,2
DA:91,2
DA:92,4
DA:95,4
DA:96,4
DA:97,4
DA:98,2
DA:99,4
DA:100,6
DA:101,4
DA:103,12
LF:12
LH:12
end_of_record
SF:lib/src/data/database.g.dart
DA:10,4
DA:13,8
DA:15,4
DA:20,4
DA:26,8
DA:28,4
DA:30,4
DA:36,4
DA:40,8
DA:42,4
DA:51,8
DA:53,4
DA:62,8
DA:64,4
DA:73,8
DA:75,4
DA:84,8
DA:86,4
DA:95,8
DA:97,4
DA:106,8
DA:108,4
DA:117,8
DA:119,4
DA:128,8
DA:130,4
DA:134,4
DA:142,8
DA:144,4
DA:153,8
DA:155,4
DA:163,4
DA:164,4
DA:166,4
DA:175,8
DA:177,4
DA:186,8
DA:188,4
DA:197,8
DA:199,4
DA:208,8
DA:210,4
DA:214,4
DA:221,8
DA:223,4
DA:232,8
DA:234,4
DA:242,8
DA:244,4
DA:252,4
DA:253,4
DA:255,4
DA:263,8
DA:265,4
DA:274,8
DA:276,4
DA:285,8
DA:287,4
DA:294,8
DA:296,4
DA:305,8
DA:307,4
DA:316,8
DA:318,4
DA:324,4
DA:325,4
DA:326,4
DA:327,4
DA:328,4
DA:329,4
DA:330,4
DA:331,4
DA:332,4
DA:333,4
DA:334,4
DA:335,4
DA:336,4
DA:337,4
DA:338,4
DA:339,4
DA:340,4
DA:341,4
DA:342,4
DA:343,4
DA:344,4
DA:345,4
DA:346,4
DA:347,4
DA:348,4
DA:349,4
DA:350,4
DA:351,4
DA:352,4
DA:353,4
DA:355,4
DA:356,8
DA:357,4
DA:360,1
DA:365,1
DA:366,1
DA:367,1
DA:368,0
DA:370,1
DA:371,1
DA:373,3
DA:376,0
DA:378,1
DA:379,1
DA:381,3
DA:384,0
DA:386,1
DA:387,1
DA:389,3
DA:392,0
DA:394,1
DA:395,1
DA:397,2
DA:398,1
DA:403,0
DA:405,1
DA:406,1
DA:408,3
DA:411,1
DA:412,1
DA:414,3
DA:417,1
DA:418,1
DA:420,3
DA:423,0
DA:425,1
DA:426,1
DA:428,3
DA:431,0
DA:433,1
DA:434,1
DA:436,3
DA:439,0
DA:441,1
DA:442,0
DA:444,0
DA:447,1
DA:448,0
DA:450,0
DA:451,0
DA:456,1
DA:457,0
DA:459,0
DA:460,0
DA:465,1
DA:466,0
DA:468,0
DA:469,0
DA:474,1
DA:475,0
DA:477,0
DA:478,0
DA:483,1
DA:484,0
DA:486,0
DA:487,0
DA:492,1
DA:493,0
DA:495,0
DA:496,0
DA:501,1
DA:502,0
DA:504,0
DA:505,0
DA:510,1
DA:511,0
DA:513,0
DA:514,0
DA:519,1
DA:520,0
DA:522,0
DA:523,0
DA:528,1
DA:529,0
DA:531,0
DA:532,0
DA:537,1
DA:538,0
DA:540,0
DA:541,0
DA:546,1
DA:547,0
DA:549,0
DA:550,0
DA:555,1
DA:556,0
DA:558,0
DA:561,1
DA:562,0
DA:564,0
DA:567,1
DA:568,0
DA:570,0
DA:573,1
DA:574,0
DA:576,0
DA:579,1
DA:580,0
DA:582,0
DA:588,3
DA:589,3
DA:590,2
DA:592,2
DA:593,2
DA:594,6
DA:596,4
DA:598,6
DA:600,4
DA:602,6
DA:604,4
DA:606,6
DA:608,4
DA:610,6
DA:612,4
DA:614,6
DA:616,4
DA:618,6
DA:620,4
DA:622,6
DA:624,4
DA:626,6
DA:628,4
DA:630,6
DA:632,4
DA:634,6
DA:636,4
DA:638,6
DA:640,4
DA:642,6
DA:644,4
DA:646,6
DA:648,4
DA:650,6
DA:652,4
DA:654,6
DA:656,4
DA:658,6
DA:660,4
DA:662,6
DA:664,4
DA:666,6
DA:668,4
DA:670,6
DA:672,4
DA:674,6
DA:676,4
DA:678,6
DA:680,4
DA:682,6
DA:684,4
DA:686,6
DA:688,4
DA:690,6
DA:692,4
DA:694,6
DA:696,4
DA:698,6
DA:700,4
DA:702,6
DA:704,4
DA:709,0
DA:711,0
DA:744,2
DA:774,0
DA:776,0
DA:777,0
DA:778,0
DA:779,0
DA:780,0
DA:781,0
DA:782,0
DA:783,0
DA:785,0
DA:786,0
DA:788,0
DA:789,0
DA:790,0
DA:791,0
DA:792,0
DA:793,0
DA:795,0
DA:796,0
DA:798,0
DA:799,0
DA:801,0
DA:802,0
DA:804,0
DA:805,0
DA:807,0
DA:808,0
DA:810,0
DA:811,0
DA:813,0
DA:814,0
DA:816,0
DA:817,0
DA:819,0
DA:820,0
DA:822,0
DA:823,0
DA:824,0
DA:827,0
DA:828,0
DA:830,0
DA:831,0
DA:833,0
DA:834,0
DA:836,0
DA:837,0
DA:839,0
DA:840,0
DA:842,0
DA:846,0
DA:847,0
DA:848,0
DA:849,0
DA:850,0
DA:851,0
DA:852,0
DA:853,0
DA:855,0
DA:856,0
DA:858,0
DA:859,0
DA:860,0
DA:861,0
DA:862,0
DA:863,0
DA:865,0
DA:866,0
DA:868,0
DA:869,0
DA:871,0
DA:872,0
DA:874,0
DA:875,0
DA:877,0
DA:878,0
DA:880,0
DA:881,0
DA:883,0
DA:884,0
DA:886,0
DA:887,0
DA:889,0
DA:890,0
DA:892,0
DA:894,0
DA:896,0
DA:897,0
DA:899,0
DA:900,0
DA:902,0
DA:903,0
DA:905,0
DA:906,0
DA:907,0
DA:909,0
DA:910,0
DA:914,0
DA:918,0
DA:919,0
DA:920,0
DA:921,0
DA:922,0
DA:923,0
DA:924,0
DA:925,0
DA:926,0
DA:927,0
DA:928,0
DA:929,0
DA:930,0
DA:931,0
DA:932,0
DA:933,0
DA:934,0
DA:936,0
DA:937,0
DA:938,0
DA:939,0
DA:940,0
DA:941,0
DA:942,0
DA:943,0
DA:945,0
DA:946,0
DA:948,0
DA:949,0
DA:951,0
DA:952,0
DA:953,0
DA:954,0
DA:955,0
DA:958,0
DA:960,0
DA:961,0
DA:962,0
DA:963,0
DA:964,0
DA:965,0
DA:966,0
DA:967,0
DA:968,0
DA:969,0
DA:970,0
DA:971,0
DA:972,0
DA:973,0
DA:974,0
DA:975,0
DA:976,0
DA:977,0
DA:978,0
DA:979,0
DA:980,0
DA:981,0
DA:982,0
DA:983,0
DA:984,0
DA:986,0
DA:987,0
DA:988,0
DA:989,0
DA:990,0
DA:991,0
DA:995,0
DA:1024,0
DA:1025,0
DA:1026,0
DA:1027,0
DA:1028,0
DA:1029,0
DA:1030,0
DA:1031,0
DA:1032,0
DA:1033,0
DA:1034,0
DA:1035,0
DA:1036,0
DA:1037,0
DA:1038,0
DA:1039,0
DA:1040,0
DA:1041,0
DA:1042,0
DA:1043,0
DA:1044,0
DA:1045,0
DA:1046,0
DA:1047,0
DA:1048,0
DA:1049,0
DA:1050,0
DA:1051,0
DA:1052,0
DA:1053,0
DA:1054,0
DA:1055,0
DA:1056,0
DA:1057,0
DA:1058,0
DA:1059,0
DA:1060,0
DA:1061,0
DA:1062,0
DA:1063,0
DA:1065,0
DA:1066,0
DA:1067,0
DA:1068,0
DA:1069,0
DA:1070,0
DA:1071,0
DA:1072,0
DA:1073,0
DA:1074,0
DA:1075,0
DA:1077,0
DA:1078,0
DA:1079,0
DA:1080,0
DA:1081,0
DA:1082,0
DA:1083,0
DA:1084,0
DA:1085,0
DA:1086,0
DA:1087,0
DA:1088,0
DA:1089,0
DA:1090,0
DA:1091,0
DA:1092,0
DA:1093,0
DA:1094,0
DA:1095,0
DA:1096,0
DA:1097,0
DA:1098,0
DA:1099,0
DA:1100,0
DA:1101,0
DA:1102,0
DA:1103,0
DA:1104,0
DA:1105,0
DA:1106,0
DA:1107,0
DA:1108,0
DA:1109,0
DA:1110,0
DA:1111,0
DA:1112,0
DA:1113,0
DA:1114,0
DA:1115,0
DA:1116,0
DA:1117,0
DA:1118,0
DA:1119,0
DA:1120,0
DA:1121,0
DA:1122,0
DA:1123,0
DA:1124,0
DA:1125,0
DA:1126,0
DA:1127,0
DA:1128,0
DA:1129,0
DA:1131,0
DA:1132,0
DA:1133,0
DA:1134,0
DA:1135,0
DA:1136,0
DA:1137,0
DA:1138,0
DA:1139,0
DA:1140,0
DA:1141,0
DA:1142,0
DA:1143,0
DA:1147,0
DA:1149,0
DA:1150,0
DA:1151,0
DA:1152,0
DA:1153,0
DA:1154,0
DA:1155,0
DA:1156,0
DA:1157,0
DA:1158,0
DA:1159,0
DA:1160,0
DA:1161,0
DA:1162,0
DA:1163,0
DA:1164,0
DA:1165,0
DA:1166,0
DA:1167,0
DA:1168,0
DA:1169,0
DA:1170,0
DA:1171,0
DA:1172,0
DA:1174,0
DA:1175,0
DA:1176,0
DA:1177,0
DA:1178,0
DA:1179,0
DA:1180,0
DA:1181,0
DA:1184,0
DA:1185,0
DA:1186,0
DA:1187,0
DA:1188,0
DA:1189,0
DA:1190,0
DA:1191,0
DA:1192,0
DA:1193,0
DA:1194,0
DA:1195,0
DA:1196,0
DA:1197,0
DA:1198,0
DA:1199,0
DA:1200,0
DA:1201,0
DA:1202,0
DA:1203,0
DA:1204,0
DA:1205,0
DA:1206,0
DA:1207,0
DA:1208,0
DA:1209,0
DA:1210,0
DA:1211,0
DA:1212,0
DA:1213,0
DA:1215,0
DA:1218,0
DA:1219,0
DA:1220,0
DA:1221,0
DA:1222,0
DA:1223,0
DA:1224,0
DA:1225,0
DA:1226,0
DA:1227,0
DA:1228,0
DA:1229,0
DA:1230,0
DA:1231,0
DA:1232,0
DA:1233,0
DA:1234,0
DA:1235,0
DA:1236,0
DA:1237,0
DA:1238,0
DA:1239,0
DA:1240,0
DA:1241,0
DA:1242,0
DA:1243,0
DA:1244,0
DA:1245,0
DA:1246,0
DA:1247,0
DA:1279,1
DA:1309,0
DA:1338,0
DA:1339,0
DA:1340,0
DA:1341,0
DA:1342,0
DA:1343,0
DA:1344,0
DA:1345,0
DA:1375,0
DA:1376,0
DA:1377,0
DA:1378,0
DA:1379,0
DA:1380,0
DA:1381,0
DA:1382,0
DA:1383,0
DA:1384,0
DA:1385,0
DA:1386,0
DA:1387,0
DA:1388,0
DA:1390,0
DA:1391,0
DA:1392,0
DA:1393,0
DA:1394,0
DA:1395,0
DA:1396,0
DA:1398,0
DA:1400,0
DA:1403,0
DA:1404,0
DA:1405,0
DA:1406,0
DA:1407,0
DA:1408,0
DA:1412,0
DA:1442,0
DA:1443,0
DA:1444,0
DA:1445,0
DA:1446,0
DA:1447,0
DA:1448,0
DA:1449,0
DA:1450,0
DA:1451,0
DA:1452,0
DA:1453,0
DA:1454,0
DA:1455,0
DA:1456,0
DA:1457,0
DA:1458,0
DA:1459,0
DA:1460,0
DA:1461,0
DA:1462,0
DA:1464,0
DA:1467,0
DA:1469,0
DA:1470,0
DA:1471,0
DA:1472,0
DA:1473,0
DA:1474,0
DA:1478,1
DA:1480,1
DA:1481,2
DA:1482,0
DA:1484,2
DA:1485,4
DA:1487,2
DA:1488,4
DA:1490,2
DA:1491,4
DA:1493,2
DA:1494,4
DA:1496,2
DA:1497,4
DA:1499,2
DA:1500,4
DA:1502,2
DA:1503,4
DA:1505,2
DA:1506,4
DA:1508,2
DA:1509,4
DA:1511,2
DA:1512,0
DA:1514,2
DA:1515,0
DA:1517,2
DA:1518,0
DA:1520,2
DA:1521,0
DA:1522,0
DA:1525,2
DA:1526,0
DA:1528,2
DA:1529,0
DA:1531,2
DA:1532,0
DA:1534,2
DA:1535,0
DA:1537,2
DA:1538,0
DA:1540,2
DA:1541,0
DA:1543,2
DA:1544,0
DA:1545,0
DA:1548,2
DA:1549,0
DA:1550,0
DA:1553,2
DA:1554,0
DA:1555,0
DA:1558,2
DA:1559,0
DA:1561,2
DA:1562,0
DA:1564,2
DA:1565,0
DA:1567,2
DA:1568,0
DA:1570,2
DA:1571,0
DA:1576,0
DA:1578,0
DA:1579,0
DA:1580,0
DA:1581,0
DA:1582,0
DA:1583,0
DA:1584,0
DA:1585,0
DA:1586,0
DA:1587,0
DA:1588,0
DA:1589,0
DA:1590,0
DA:1591,0
DA:1592,0
DA:1593,0
DA:1594,0
DA:1595,0
DA:1596,0
DA:1597,0
DA:1598,0
DA:1599,0
DA:1600,0
DA:1601,0
DA:1603,0
DA:1604,0
DA:1605,0
DA:1606,0
DA:1607,0
DA:1608,0
DA:1609,0
DA:1610,0
DA:1619,3
DA:1624,6
DA:1626,3
DA:1630,3
DA:1636,6
DA:1638,3
DA:1647,6
DA:1649,3
DA:1658,6
DA:1660,3
DA:1664,3
DA:1671,6
DA:1673,3
DA:1677,3
DA:1682,3
DA:1683,3
DA:1684,3
DA:1685,3
DA:1686,3
DA:1687,3
DA:1688,3
DA:1690,3
DA:1691,6
DA:1692,3
DA:1695,0
DA:1700,0
DA:1701,0
DA:1702,0
DA:1703,0
DA:1705,0
DA:1708,0
DA:1710,0
DA:1711,0
DA:1713,0
DA:1716,0
DA:1718,0
DA:1719,0
DA:1721,0
DA:1724,0
DA:1726,0
DA:1727,0
DA:1729,0
DA:1732,0
DA:1733,0
DA:1735,0
DA:1741,3
DA:1742,9
DA:1743,0
DA:1745,0
DA:1746,0
DA:1747,0
DA:1749,0
DA:1751,0
DA:1753,0
DA:1755,0
DA:1757,0
DA:1759,0
DA:1761,0
DA:1763,0
DA:1765,0
DA:1770,0
DA:1772,0
DA:1783,0
DA:1790,0
DA:1792,0
DA:1793,0
DA:1794,0
DA:1795,0
DA:1796,0
DA:1797,0
DA:1801,0
DA:1802,0
DA:1803,0
DA:1804,0
DA:1805,0
DA:1806,0
DA:1807,0
DA:1811,0
DA:1815,0
DA:1816,0
DA:1817,0
DA:1818,0
DA:1819,0
DA:1820,0
DA:1821,0
DA:1824,0
DA:1826,0
DA:1827,0
DA:1828,0
DA:1829,0
DA:1830,0
DA:1831,0
DA:1832,0
DA:1836,0
DA:1842,0
DA:1843,0
DA:1844,0
DA:1845,0
DA:1846,0
DA:1847,0
DA:1849,0
DA:1850,0
DA:1851,0
DA:1852,0
DA:1853,0
DA:1854,0
DA:1855,0
DA:1859,0
DA:1861,0
DA:1862,0
DA:1863,0
DA:1864,0
DA:1865,0
DA:1866,0
DA:1867,0
DA:1868,0
DA:1871,0
DA:1872,0
DA:1873,0
DA:1876,0
DA:1877,0
DA:1878,0
DA:1879,0
DA:1880,0
DA:1881,0
DA:1891,0
DA:1899,0
DA:1906,0
DA:1907,0
DA:1908,0
DA:1909,0
DA:1917,0
DA:1918,0
DA:1919,0
DA:1920,0
DA:1921,0
DA:1922,0
DA:1923,0
DA:1927,0
DA:1935,0
DA:1936,0
DA:1937,0
DA:1938,0
DA:1939,0
DA:1940,0
DA:1941,0
DA:1945,0
DA:1947,0
DA:1948,0
DA:1949,0
DA:1951,0
DA:1952,0
DA:1954,0
DA:1955,0
DA:1957,0
DA:1958,0
DA:1960,0
DA:1961,0
DA:1963,0
DA:1964,0
DA:1969,0
DA:1971,0
DA:1972,0
DA:1973,0
DA:1974,0
DA:1975,0
DA:1976,0
DA:1977,0
DA:1978,0
DA:1979,0
DA:1988,4
DA:1993,8
DA:1995,4
DA:1999,4
DA:2007,8
DA:2009,4
DA:2013,4
DA:2017,3
DA:2018,9
DA:2019,4
DA:2020,8
DA:2021,4
DA:2024,0
DA:2029,0
DA:2030,0
DA:2031,0
DA:2032,0
DA:2034,0
DA:2037,0
DA:2039,0
DA:2040,0
DA:2042,0
DA:2045,0
DA:2050,3
DA:2051,6
DA:2052,0
DA:2057,0
DA:2058,0
DA:2059,0
DA:2061,0
DA:2063,0
DA:2065,0
DA:2070,0
DA:2072,0
DA:2080,0
DA:2084,0
DA:2086,0
DA:2087,0
DA:2088,0
DA:2092,0
DA:2093,0
DA:2094,0
DA:2095,0
DA:2099,0
DA:2103,0
DA:2104,0
DA:2105,0
DA:2106,0
DA:2109,0
DA:2111,0
DA:2112,0
DA:2113,0
DA:2114,0
DA:2118,0
DA:2119,0
DA:2120,0
DA:2121,0
DA:2123,0
DA:2124,0
DA:2125,0
DA:2126,0
DA:2130,0
DA:2132,0
DA:2133,0
DA:2134,0
DA:2135,0
DA:2136,0
DA:2139,0
DA:2140,0
DA:2141,0
DA:2144,0
DA:2145,0
DA:2146,0
DA:2154,0
DA:2159,0
DA:2163,0
DA:2164,0
DA:2165,0
DA:2170,0
DA:2171,0
DA:2172,0
DA:2173,0
DA:2177,0
DA:2182,0
DA:2183,0
DA:2184,0
DA:2185,0
DA:2189,0
DA:2191,0
DA:2192,0
DA:2193,0
DA:2195,0
DA:2196,0
DA:2198,0
DA:2199,0
DA:2204,0
DA:2206,0
DA:2207,0
DA:2208,0
DA:2209,0
DA:2210,0
DA:2211,0
DA:2220,3
DA:2223,6
DA:2225,3
DA:2234,6
DA:2236,3
DA:2245,6
DA:2247,3
DA:2256,6
DA:2258,3
DA:2264,3
DA:2265,15
DA:2266,3
DA:2267,6
DA:2268,3
DA:2271,0
DA:2276,0
DA:2277,0
DA:2278,0
DA:2279,0
DA:2281,0
DA:2284,0
DA:2286,0
DA:2287,0
DA:2289,0
DA:2292,0
DA:2294,0
DA:2295,0
DA:2297,0
DA:2300,0
DA:2302,0
DA:2303,0
DA:2305,0
DA:2311,3
DA:2312,6
DA:2313,0
DA:2315,0
DA:2316,0
DA:2317,0
DA:2319,0
DA:2321,0
DA:2323,0
DA:2325,0
DA:2327,0
DA:2329,0
DA:2331,0
DA:2336,0
DA:2338,0
DA:2347,0
DA:2353,0
DA:2355,0
DA:2356,0
DA:2357,0
DA:2358,0
DA:2359,0
DA:2363,0
DA:2364,0
DA:2365,0
DA:2366,0
DA:2367,0
DA:2368,0
DA:2372,0
DA:2376,0
DA:2377,0
DA:2378,0
DA:2379,0
DA:2380,0
DA:2381,0
DA:2384,0
DA:2386,0
DA:2387,0
DA:2388,0
DA:2389,0
DA:2390,0
DA:2391,0
DA:2395,0
DA:2400,0
DA:2401,0
DA:2402,0
DA:2403,0
DA:2404,0
DA:2406,0
DA:2407,0
DA:2408,0
DA:2409,0
DA:2410,0
DA:2411,0
DA:2415,0
DA:2417,0
DA:2418,0
DA:2419,0
DA:2420,0
DA:2421,0
DA:2422,0
DA:2423,0
DA:2426,0
DA:2427,0
DA:2428,0
DA:2431,0
DA:2432,0
DA:2433,0
DA:2434,0
DA:2435,0
DA:2444,0
DA:2451,0
DA:2457,0
DA:2458,0
DA:2459,0
DA:2460,0
DA:2467,0
DA:2468,0
DA:2469,0
DA:2470,0
DA:2471,0
DA:2472,0
DA:2476,0
DA:2483,0
DA:2484,0
DA:2485,0
DA:2486,0
DA:2487,0
DA:2488,0
DA:2492,0
DA:2494,0
DA:2495,0
DA:2496,0
DA:2498,0
DA:2499,0
DA:2501,0
DA:2502,0
DA:2504,0
DA:2505,0
DA:2507,0
DA:2508,0
DA:2513,0
DA:2515,0
DA:2516,0
DA:2517,0
DA:2518,0
DA:2519,0
DA:2520,0
DA:2521,0
DA:2522,0
DA:2531,3
DA:2534,6
DA:2536,3
DA:2543,6
DA:2545,3
DA:2552,6
DA:2554,3
DA:2563,6
DA:2565,3
DA:2574,6
DA:2576,3
DA:2586,6
DA:2588,3
DA:2598,6
DA:2600,3
DA:2606,3
DA:2607,3
DA:2608,3
DA:2609,3
DA:2610,3
DA:2611,3
DA:2612,3
DA:2613,3
DA:2614,3
DA:2616,3
DA:2617,6
DA:2618,3
DA:2621,0
DA:2626,0
DA:2627,0
DA:2628,0
DA:2629,0
DA:2631,0
DA:2634,0
DA:2636,0
DA:2637,0
DA:2639,0
DA:2642,0
DA:2644,0
DA:2645,0
DA:2647,0
DA:2650,0
DA:2652,0
DA:2653,0
DA:2655,0
DA:2656,0
DA:2661,0
DA:2662,0
DA:2664,0
DA:2667,0
DA:2668,0
DA:2670,0
DA:2673,0
DA:2674,0
DA:2676,0
DA:2682,3
DA:2683,6
DA:2684,0
DA:2686,0
DA:2687,0
DA:2688,0
DA:2690,0
DA:2692,0
DA:2694,0
DA:2696,0
DA:2698,0
DA:2700,0
DA:2702,0
DA:2704,0
DA:2706,0
DA:2708,0
DA:2710,0
DA:2712,0
DA:2714,0
DA:2719,0
DA:2721,0
DA:2734,0
DA:2743,0
DA:2745,0
DA:2746,0
DA:2747,0
DA:2748,0
DA:2749,0
DA:2750,0
DA:2752,0
DA:2753,0
DA:2754,0
DA:2758,0
DA:2759,0
DA:2760,0
DA:2761,0
DA:2762,0
DA:2763,0
DA:2765,0
DA:2766,0
DA:2767,0
DA:2768,0
DA:2772,0
DA:2776,0
DA:2777,0
DA:2778,0
DA:2779,0
DA:2780,0
DA:2781,0
DA:2782,0
DA:2783,0
DA:2784,0
DA:2787,0
DA:2789,0
DA:2790,0
DA:2791,0
DA:2792,0
DA:2793,0
DA:2794,0
DA:2795,0
DA:2796,0
DA:2797,0
DA:2801,0
DA:2809,0
DA:2810,0
DA:2811,0
DA:2812,0
DA:2813,0
DA:2814,0
DA:2815,0
DA:2816,0
DA:2818,0
DA:2819,0
DA:2820,0
DA:2821,0
DA:2822,0
DA:2823,0
DA:2824,0
DA:2825,0
DA:2826,0
DA:2827,0
DA:2828,0
DA:2829,0
DA:2830,0
DA:2834,0
DA:2836,0
DA:2837,0
DA:2838,0
DA:2839,0
DA:2840,0
DA:2841,0
DA:2842,0
DA:2843,0
DA:2844,0
DA:2845,0
DA:2848,0
DA:2849,0
DA:2850,0
DA:2851,0
DA:2852,0
DA:2853,0
DA:2854,0
DA:2855,0
DA:2856,0
DA:2858,0
DA:2861,0
DA:2862,0
DA:2863,0
DA:2864,0
DA:2865,0
DA:2866,0
DA:2867,0
DA:2868,0
DA:2880,0
DA:2890,0
DA:2899,0
DA:2900,0
DA:2901,0
DA:2902,0
DA:2912,0
DA:2913,0
DA:2914,0
DA:2915,0
DA:2916,0
DA:2917,0
DA:2918,0
DA:2919,0
DA:2920,0
DA:2924,0
DA:2934,0
DA:2935,0
DA:2936,0
DA:2937,0
DA:2938,0
DA:2939,0
DA:2940,0
DA:2941,0
DA:2942,0
DA:2946,0
DA:2948,0
DA:2949,0
DA:2950,0
DA:2952,0
DA:2953,0
DA:2955,0
DA:2956,0
DA:2958,0
DA:2959,0
DA:2961,0
DA:2962,0
DA:2964,0
DA:2965,0
DA:2967,0
DA:2968,0
DA:2970,0
DA:2971,0
DA:2976,0
DA:2978,0
DA:2979,0
DA:2980,0
DA:2981,0
DA:2982,0
DA:2983,0
DA:2984,0
DA:2985,0
DA:2986,0
DA:2987,0
DA:2988,0
DA:2997,4
DA:3000,8
DA:3002,4
DA:3007,4
DA:3013,8
DA:3015,4
DA:3025,8
DA:3027,4
DA:3037,8
DA:3039,4
DA:3049,8
DA:3051,4
DA:3061,8
DA:3063,4
DA:3073,8
DA:3075,4
DA:3085,8
DA:3087,4
DA:3093,4
DA:3094,4
DA:3095,4
DA:3096,4
DA:3097,4
DA:3098,4
DA:3099,4
DA:3100,4
DA:3101,4
DA:3102,4
DA:3104,4
DA:3105,8
DA:3106,4
DA:3109,3
DA:3114,3
DA:3115,3
DA:3116,3
DA:3117,0
DA:3119,3
DA:3120,3
DA:3122,9
DA:3125,3
DA:3126,3
DA:3128,9
DA:3131,3
DA:3132,3
DA:3134,6
DA:3135,3
DA:3140,3
DA:3141,3
DA:3143,9
DA:3146,3
DA:3147,3
DA:3149,6
DA:3150,3
DA:3155,3
DA:3156,0
DA:3158,0
DA:3161,3
DA:3162,1
DA:3164,3
DA:3170,3
DA:3171,3
DA:3172,3
DA:3177,0
DA:3178,3
DA:3179,9
DA:3181,6
DA:3183,9
DA:3185,6
DA:3187,9
DA:3189,6
DA:3191,9
DA:3193,6
DA:3195,9
DA:3197,6
DA:3199,9
DA:3201,6
DA:3203,9
DA:3205,6
DA:3207,9
DA:3209,6
DA:3214,0
DA:3216,0
DA:3230,3
DA:3240,0
DA:3242,0
DA:3243,0
DA:3244,0
DA:3245,0
DA:3246,0
DA:3247,0
DA:3248,0
DA:3249,0
DA:3250,0
DA:3254,0
DA:3255,0
DA:3256,0
DA:3257,0
DA:3258,0
DA:3259,0
DA:3260,0
DA:3261,0
DA:3262,0
DA:3263,0
DA:3267,0
DA:3271,0
DA:3272,0
DA:3273,0
DA:3274,0
DA:3275,0
DA:3276,0
DA:3277,0
DA:3278,0
DA:3279,0
DA:3280,0
DA:3283,0
DA:3285,0
DA:3286,0
DA:3287,0
DA:3288,0
DA:3289,0
DA:3290,0
DA:3291,0
DA:3292,0
DA:3293,0
DA:3294,0
DA:3298,0
DA:3307,0
DA:3308,0
DA:3309,0
DA:3310,0
DA:3311,0
DA:3312,0
DA:3313,0
DA:3314,0
DA:3315,0
DA:3317,0
DA:3318,0
DA:3319,0
DA:3320,0
DA:3321,0
DA:3322,0
DA:3323,0
DA:3324,0
DA:3325,0
DA:3326,0
DA:3327,0
DA:3328,0
DA:3329,0
DA:3330,0
DA:3334,0
DA:3336,0
DA:3337,0
DA:3338,0
DA:3339,0
DA:3340,0
DA:3341,0
DA:3342,0
DA:3343,0
DA:3344,0
DA:3345,0
DA:3346,0
DA:3349,0
DA:3350,0
DA:3351,0
DA:3352,0
DA:3353,0
DA:3354,0
DA:3355,0
DA:3356,0
DA:3357,0
DA:3358,0
DA:3360,0
DA:3363,0
DA:3364,0
DA:3365,0
DA:3366,0
DA:3367,0
DA:3368,0
DA:3369,0
DA:3370,0
DA:3371,0
DA:3384,3
DA:3394,0
DA:3404,0
DA:3414,0
DA:3415,0
DA:3416,0
DA:3417,0
DA:3418,0
DA:3419,0
DA:3420,0
DA:3421,0
DA:3422,0
DA:3426,0
DA:3436,0
DA:3437,0
DA:3438,0
DA:3439,0
DA:3440,0
DA:3441,0
DA:3442,0
DA:3443,0
DA:3444,0
DA:3448,3
DA:3450,3
DA:3451,6
DA:3452,0
DA:3454,6
DA:3455,12
DA:3457,6
DA:3458,12
DA:3460,6
DA:3461,12
DA:3463,6
DA:3464,12
DA:3466,6
DA:3467,12
DA:3469,6
DA:3470,0
DA:3472,6
DA:3473,4
DA:3478,0
DA:3480,0
DA:3481,0
DA:3482,0
DA:3483,0
DA:3484,0
DA:3485,0
DA:3486,0
DA:3487,0
DA:3488,0
DA:3489,0
DA:3490,0
DA:3499,4
DA:3504,8
DA:3506,4
DA:3510,4
DA:3518,8
DA:3520,4
DA:3526,4
DA:3527,12
DA:3528,4
DA:3529,8
DA:3530,4
DA:3533,2
DA:3538,2
DA:3539,2
DA:3540,2
DA:3541,2
DA:3543,6
DA:3546,2
DA:3547,0
DA:3549,0
DA:3550,0
DA:3558,3
DA:3559,3
DA:3560,2
DA:3562,2
DA:3563,2
DA:3564,6
DA:3566,4
DA:3568,6
DA:3570,4
DA:3575,0
DA:3577,0
DA:3584,2
DA:3585,0
DA:3587,0
DA:3588,0
DA:3589,0
DA:3593,0
DA:3594,0
DA:3595,0
DA:3596,0
DA:3600,0
DA:3604,0
DA:3605,0
DA:3606,0
DA:3607,0
DA:3610,0
DA:3612,0
DA:3613,0
DA:3614,0
DA:3615,0
DA:3619,0
DA:3620,0
DA:3621,0
DA:3622,0
DA:3624,0
DA:3625,0
DA:3626,0
DA:3627,0
DA:3628,0
DA:3629,0
DA:3633,0
DA:3635,0
DA:3636,0
DA:3637,0
DA:3638,0
DA:3639,0
DA:3642,0
DA:3643,0
DA:3644,0
DA:3647,0
DA:3648,0
DA:3649,0
DA:3655,2
DA:3659,0
DA:3663,0
DA:3667,0
DA:3668,0
DA:3669,0
DA:3673,0
DA:3677,0
DA:3678,0
DA:3679,0
DA:3683,2
DA:3685,2
DA:3686,4
DA:3687,8
DA:3689,4
DA:3690,0
DA:3695,0
DA:3697,0
DA:3698,0
DA:3699,0
DA:3700,0
DA:3701,0
DA:3710,5
DA:3713,8
DA:3715,4
DA:3720,4
DA:3728,10
DA:3730,5
DA:3739,8
DA:3741,4
DA:3751,8
DA:3753,4
DA:3762,8
DA:3764,4
DA:3773,8
DA:3775,4
DA:3784,8
DA:3786,4
DA:3796,8
DA:3798,4
DA:3804,4
DA:3805,4
DA:3806,4
DA:3807,4
DA:3808,4
DA:3809,4
DA:3810,4
DA:3811,4
DA:3812,4
DA:3813,4
DA:3815,5
DA:3816,10
DA:3817,5
DA:3820,3
DA:3825,3
DA:3826,3
DA:3827,3
DA:3828,0
DA:3830,3
DA:3831,3
DA:3833,6
DA:3834,3
DA:3839,0
DA:3841,3
DA:3842,0
DA:3844,0
DA:3845,0
DA:3850,3
DA:3851,3
DA:3853,9
DA:3856,0
DA:3858,3
DA:3859,3
DA:3861,9
DA:3864,0
DA:3866,3
DA:3867,3
DA:3869,6
DA:3870,3
DA:3875,3
DA:3876,3
DA:3878,9
DA:3881,3
DA:3882,3
DA:3884,9
DA:3890,3
DA:3891,3
DA:3892,3
DA:3894,0
DA:3895,3
DA:3896,9
DA:3898,6
DA:3900,9
DA:3902,6
DA:3904,9
DA:3906,6
DA:3908,9
DA:3910,6
DA:3912,9
DA:3914,6
DA:3916,9
DA:3918,6
DA:3920,9
DA:3922,6
DA:3924,9
DA:3926,6
DA:3931,0
DA:3933,0
DA:3947,3
DA:3957,0
DA:3959,0
DA:3960,0
DA:3961,0
DA:3962,0
DA:3963,0
DA:3964,0
DA:3965,0
DA:3966,0
DA:3968,0
DA:3969,0
DA:3973,0
DA:3974,0
DA:3975,0
DA:3976,0
DA:3977,0
DA:3978,0
DA:3979,0
DA:3980,0
DA:3982,0
DA:3983,0
DA:3984,0
DA:3988,0
DA:3992,0
DA:3993,0
DA:3994,0
DA:3995,0
DA:3996,0
DA:3997,0
DA:3998,0
DA:3999,0
DA:4000,0
DA:4001,0
DA:4004,0
DA:4006,0
DA:4007,0
DA:4008,0
DA:4009,0
DA:4010,0
DA:4011,0
DA:4012,0
DA:4013,0
DA:4014,0
DA:4015,0
DA:4019,0
DA:4028,0
DA:4029,0
DA:4030,0
DA:4031,0
DA:4032,0
DA:4033,0
DA:4034,0
DA:4035,0
DA:4036,0
DA:4038,0
DA:4039,0
DA:4040,0
DA:4041,0
DA:4042,0
DA:4043,0
DA:4044,0
DA:4045,0
DA:4046,0
DA:4047,0
DA:4048,0
DA:4049,0
DA:4050,0
DA:4051,0
DA:4052,0
DA:4053,0
DA:4054,0
DA:4055,0
DA:4056,0
DA:4057,0
DA:4061,0
DA:4063,0
DA:4064,0
DA:4065,0
DA:4066,0
DA:4067,0
DA:4068,0
DA:4069,0
DA:4070,0
DA:4071,0
DA:4072,0
DA:4073,0
DA:4076,0
DA:4077,0
DA:4078,0
DA:4079,0
DA:4080,0
DA:4081,0
DA:4082,0
DA:4083,0
DA:4084,0
DA:4085,0
DA:4087,0
DA:4090,0
DA:4091,0
DA:4092,0
DA:4093,0
DA:4094,0
DA:4095,0
DA:4096,0
DA:4097,0
DA:4098,0
DA:4110,3
DA:4120,0
DA:4129,0
DA:4130,0
DA:4131,0
DA:4132,0
DA:4142,0
DA:4143,0
DA:4144,0
DA:4145,0
DA:4146,0
DA:4147,0
DA:4148,0
DA:4149,0
DA:4150,0
DA:4154,0
DA:4164,0
DA:4165,0
DA:4166,0
DA:4167,0
DA:4168,0
DA:4169,0
DA:4170,0
DA:4171,0
DA:4172,0
DA:4176,3
DA:4178,3
DA:4179,6
DA:4180,0
DA:4182,6
DA:4183,12
DA:4185,6
DA:4186,0
DA:4188,6
DA:4189,12
DA:4191,6
DA:4192,12
DA:4194,6
DA:4195,12
DA:4197,6
DA:4198,12
DA:4200,6
DA:4201,12
DA:4206,0
DA:4208,0
DA:4209,0
DA:4210,0
DA:4211,0
DA:4212,0
DA:4213,0
DA:4214,0
DA:4215,0
DA:4216,0
DA:4217,0
DA:4218,0
DA:4227,4
DA:4230,8
DA:4232,4
DA:4237,4
DA:4245,8
DA:4247,4
DA:4256,8
DA:4258,4
DA:4267,8
DA:4269,4
DA:4279,8
DA:4281,4
DA:4285,4
DA:4290,4
DA:4291,4
DA:4292,4
DA:4293,4
DA:4294,4
DA:4295,4
DA:4296,4
DA:4298,4
DA:4299,8
DA:4300,4
DA:4303,2
DA:4308,2
DA:4309,2
DA:4310,2
DA:4311,0
DA:4313,2
DA:4314,2
DA:4316,4
DA:4317,2
DA:4322,0
DA:4324,2
DA:4325,2
DA:4327,4
DA:4328,2
DA:4333,0
DA:4335,2
DA:4336,0
DA:4338,0
DA:4341,2
DA:4342,0
DA:4344,0
DA:4350,3
DA:4351,3
DA:4352,3
DA:4353,3
DA:4354,6
DA:4356,2
DA:4358,0
DA:4359,2
DA:4360,6
DA:4362,4
DA:4364,6
DA:4366,4
DA:4368,6
DA:4370,4
DA:4372,6
DA:4374,4
DA:4376,6
DA:4378,4
DA:4383,0
DA:4385,0
DA:4396,2
DA:4403,0
DA:4405,0
DA:4406,0
DA:4407,0
DA:4408,0
DA:4409,0
DA:4410,0
DA:4414,0
DA:4415,0
DA:4416,0
DA:4417,0
DA:4418,0
DA:4419,0
DA:4420,0
DA:4424,0
DA:4428,0
DA:4429,0
DA:4430,0
DA:4431,0
DA:4432,0
DA:4433,0
DA:4434,0
DA:4437,0
DA:4439,0
DA:4440,0
DA:4441,0
DA:4442,0
DA:4443,0
DA:4444,0
DA:4445,0
DA:4449,0
DA:4455,0
DA:4456,0
DA:4457,0
DA:4458,0
DA:4459,0
DA:4460,0
DA:4462,0
DA:4463,0
DA:4464,0
DA:4465,0
DA:4466,0
DA:4467,0
DA:4468,0
DA:4469,0
DA:4470,0
DA:4471,0
DA:4472,0
DA:4476,0
DA:4478,0
DA:4479,0
DA:4480,0
DA:4481,0
DA:4482,0
DA:4483,0
DA:4484,0
DA:4485,0
DA:4488,0
DA:4490,0
DA:4491,0
DA:4494,0
DA:4495,0
DA:4496,0
DA:4497,0
DA:4498,0
DA:4499,0
DA:4508,4
DA:4515,0
DA:4521,0
DA:4522,0
DA:4523,0
DA:4530,0
DA:4531,0
DA:4532,0
DA:4533,0
DA:4534,0
DA:4535,0
DA:4539,0
DA:4546,0
DA:4547,0
DA:4548,0
DA:4549,0
DA:4550,0
DA:4551,0
DA:4555,2
DA:4557,2
DA:4558,4
DA:4559,0
DA:4561,4
DA:4562,8
DA:4564,4
DA:4565,8
DA:4567,4
DA:4568,0
DA:4570,4
DA:4571,0
DA:4576,0
DA:4578,0
DA:4579,0
DA:4580,0
DA:4581,0
DA:4582,0
DA:4583,0
DA:4584,0
DA:4585,0
DA:4594,4
DA:4599,8
DA:4601,4
DA:4610,8
DA:4612,4
DA:4621,8
DA:4623,4
DA:4632,8
DA:4634,4
DA:4640,4
DA:4641,4
DA:4642,4
DA:4643,4
DA:4644,4
DA:4645,4
DA:4647,4
DA:4648,8
DA:4649,4
DA:4652,2
DA:4657,2
DA:4658,2
DA:4659,2
DA:4660,2
DA:4662,4
DA:4663,2
DA:4668,2
DA:4669,2
DA:4671,6
DA:4674,0
DA:4676,2
DA:4677,2
DA:4679,6
DA:4682,0
DA:4684,2
DA:4685,0
DA:4687,0
DA:4693,3
DA:4694,3
DA:4695,1
DA:4697,0
DA:4698,1
DA:4699,3
DA:4701,2
DA:4703,3
DA:4705,2
DA:4707,3
DA:4709,2
DA:4711,3
DA:4713,2
DA:4718,0
DA:4720,0
DA:4730,1
DA:4736,0
DA:4738,0
DA:4739,0
DA:4740,0
DA:4741,0
DA:4742,0
DA:4746,0
DA:4747,0
DA:4748,0
DA:4749,0
DA:4750,0
DA:4751,0
DA:4755,0
DA:4759,0
DA:4760,0
DA:4761,0
DA:4762,0
DA:4763,0
DA:4764,0
DA:4767,0
DA:4769,0
DA:4770,0
DA:4771,0
DA:4772,0
DA:4773,0
DA:4774,0
DA:4778,0
DA:4783,0
DA:4784,0
DA:4785,0
DA:4786,0
DA:4787,0
DA:4789,0
DA:4790,0
DA:4791,0
DA:4792,0
DA:4793,0
DA:4794,0
DA:4795,0
DA:4796,0
DA:4800,0
DA:4802,0
DA:4803,0
DA:4804,0
DA:4805,0
DA:4806,0
DA:4807,0
DA:4808,0
DA:4811,0
DA:4812,0
DA:4813,0
DA:4816,0
DA:4817,0
DA:4818,0
DA:4819,0
DA:4820,0
DA:4828,2
DA:4834,0
DA:4839,0
DA:4840,0
DA:4841,0
DA:4847,0
DA:4848,0
DA:4849,0
DA:4850,0
DA:4851,0
DA:4855,0
DA:4861,0
DA:4862,0
DA:4863,0
DA:4864,0
DA:4865,0
DA:4869,2
DA:4871,2
DA:4872,4
DA:4873,8
DA:4875,4
DA:4876,8
DA:4878,4
DA:4879,8
DA:4881,4
DA:4882,0
DA:4887,0
DA:4889,0
DA:4890,0
DA:4891,0
DA:4892,0
DA:4893,0
DA:4894,0
DA:4895,0
DA:4904,4
DA:4907,8
DA:4909,4
DA:4918,8
DA:4920,4
DA:4926,4
DA:4927,12
DA:4928,4
DA:4929,8
DA:4930,4
DA:4933,3
DA:4938,3
DA:4939,3
DA:4940,3
DA:4941,12
DA:4943,0
DA:4945,3
DA:4946,0
DA:4948,0
DA:4954,3
DA:4955,3
DA:4956,2
DA:4958,0
DA:4959,2
DA:4960,6
DA:4962,4
DA:4964,6
DA:4966,4
DA:4971,0
DA:4973,0
DA:4981,2
DA:4982,0
DA:4984,0
DA:4985,0
DA:4986,0
DA:4990,0
DA:4991,0
DA:4992,0
DA:4993,0
DA:4997,0
DA:5001,0
DA:5002,0
DA:5003,0
DA:5004,0
DA:5007,0
DA:5009,0
DA:5010,0
DA:5011,0
DA:5012,0
DA:5016,0
DA:5017,0
DA:5018,0
DA:5019,0
DA:5021,0
DA:5022,0
DA:5023,0
DA:5024,0
DA:5025,0
DA:5026,0
DA:5030,0
DA:5032,0
DA:5033,0
DA:5034,0
DA:5035,0
DA:5036,0
DA:5039,0
DA:5040,0
DA:5041,0
DA:5044,0
DA:5045,0
DA:5046,0
DA:5053,3
DA:5058,0
DA:5062,0
DA:5063,0
DA:5068,0
DA:5069,0
DA:5070,0
DA:5071,0
DA:5075,0
DA:5080,0
DA:5081,0
DA:5082,0
DA:5083,0
DA:5087,3
DA:5089,3
DA:5090,6
DA:5091,12
DA:5093,6
DA:5094,0
DA:5096,6
DA:5097,0
DA:5102,0
DA:5104,0
DA:5105,0
DA:5106,0
DA:5107,0
DA:5108,0
DA:5109,0
DA:5118,4
DA:5121,8
DA:5123,4
DA:5130,8
DA:5132,4
DA:5137,4
DA:5138,12
DA:5139,4
DA:5140,8
DA:5141,4
DA:5144,2
DA:5149,2
DA:5150,2
DA:5151,2
DA:5152,2
DA:5154,6
DA:5157,0
DA:5159,2
DA:5160,2
DA:5162,6
DA:5165,0
DA:5170,4
DA:5171,4
DA:5172,2
DA:5174,0
DA:5175,2
DA:5176,6
DA:5178,4
DA:5180,6
DA:5182,4
DA:5187,0
DA:5189,0
DA:5197,2
DA:5198,0
DA:5200,0
DA:5201,0
DA:5202,0
DA:5206,0
DA:5207,0
DA:5210,0
DA:5214,0
DA:5215,0
DA:5216,0
DA:5217,0
DA:5220,0
DA:5222,0
DA:5223,0
DA:5224,0
DA:5225,0
DA:5229,0
DA:5230,0
DA:5231,0
DA:5232,0
DA:5233,0
DA:5234,0
DA:5238,0
DA:5240,0
DA:5241,0
DA:5242,0
DA:5243,0
DA:5244,0
DA:5247,0
DA:5248,0
DA:5249,0
DA:5252,0
DA:5253,0
DA:5254,0
DA:5261,2
DA:5266,0
DA:5270,0
DA:5271,0
DA:5272,0
DA:5277,0
DA:5278,0
DA:5279,0
DA:5280,0
DA:5284,0
DA:5289,0
DA:5290,0
DA:5291,0
DA:5292,0
DA:5296,2
DA:5298,2
DA:5299,4
DA:5300,8
DA:5302,4
DA:5303,8
DA:5305,4
DA:5306,0
DA:5311,0
DA:5313,0
DA:5314,0
DA:5315,0
DA:5316,0
DA:5317,0
DA:5318,0
DA:5323,10
DA:5324,0
DA:5325,8
DA:5326,6
DA:5327,4
DA:5328,4
DA:5329,6
DA:5330,6
DA:5331,4
DA:5332,4
DA:5333,8
DA:5334,10
DA:5335,8
DA:5338,8
DA:5341,8
DA:5344,8
DA:5345,0
DA:5347,0
DA:5348,3
DA:5349,3
DA:5350,3
DA:5351,3
DA:5352,3
DA:5353,3
DA:5354,3
DA:5355,3
DA:5356,3
DA:5357,3
DA:5358,3
DA:5359,3
DA:5360,3
DA:5361,3
DA:5363,4
DA:5461,0
DA:5463,0
DA:5464,0
DA:5465,0
DA:5469,0
DA:5470,0
DA:5471,0
DA:5472,0
DA:5473,0
DA:5475,0
DA:5476,0
DA:5477,0
DA:5481,0
DA:5485,0
DA:5486,0
DA:5490,0
DA:5491,0
DA:5492,0
DA:5493,0
DA:5494,0
DA:5496,0
DA:5497,0
DA:5498,0
DA:5502,0
DA:5506,0
DA:5507,0
DA:5511,0
DA:5512,0
DA:5513,0
DA:5514,0
DA:5515,0
DA:5517,0
DA:5518,0
DA:5519,0
DA:5523,0
DA:5524,0
DA:5525,0
DA:5529,0
DA:5530,0
DA:5531,0
DA:5532,0
DA:5533,0
DA:5535,0
DA:5536,0
DA:5537,0
DA:5544,0
DA:5551,0
DA:5552,0
DA:5553,0
DA:5556,0
DA:5557,0
DA:5558,0
DA:5561,0
DA:5562,0
DA:5563,0
DA:5566,0
DA:5567,0
DA:5568,0
DA:5571,0
DA:5572,0
DA:5573,0
DA:5576,0
DA:5577,0
DA:5578,0
DA:5581,0
DA:5582,0
DA:5583,0
DA:5586,0
DA:5587,0
DA:5588,0
DA:5591,0
DA:5592,0
DA:5593,0
DA:5596,0
DA:5597,0
DA:5598,0
DA:5601,0
DA:5602,0
DA:5603,0
DA:5606,0
DA:5607,0
DA:5608,0
DA:5611,0
DA:5612,0
DA:5613,0
DA:5616,0
DA:5617,0
DA:5618,0
DA:5621,0
DA:5622,0
DA:5623,0
DA:5626,0
DA:5627,0
DA:5628,0
DA:5631,0
DA:5632,0
DA:5633,0
DA:5636,0
DA:5637,0
DA:5638,0
DA:5641,0
DA:5642,0
DA:5643,0
DA:5646,0
DA:5647,0
DA:5648,0
DA:5651,0
DA:5652,0
DA:5653,0
DA:5656,0
DA:5657,0
DA:5658,0
DA:5659,0
DA:5662,0
DA:5663,0
DA:5664,0
DA:5667,0
DA:5668,0
DA:5669,0
DA:5672,0
DA:5673,0
DA:5674,0
DA:5677,0
DA:5678,0
DA:5679,0
DA:5682,0
DA:5683,0
DA:5684,0
DA:5687,0
DA:5688,0
DA:5689,0
DA:5692,0
DA:5695,0
DA:5697,0
DA:5698,0
DA:5699,0
DA:5701,0
DA:5705,0
DA:5706,0
DA:5707,0
DA:5714,0
DA:5717,0
DA:5720,0
DA:5722,0
DA:5723,0
DA:5724,0
DA:5726,0
DA:5730,0
DA:5731,0
DA:5732,0
DA:5739,0
DA:5742,0
DA:5745,0
DA:5747,0
DA:5748,0
DA:5749,0
DA:5751,0
DA:5755,0
DA:5756,0
DA:5757,0
DA:5764,0
DA:5767,0
DA:5770,0
DA:5772,0
DA:5773,0
DA:5774,0
DA:5776,0
DA:5780,0
DA:5781,0
DA:5782,0
DA:5789,0
DA:5795,0
DA:5802,0
DA:5803,0
DA:5804,0
DA:5807,0
DA:5808,0
DA:5809,0
DA:5812,0
DA:5813,0
DA:5814,0
DA:5817,0
DA:5818,0
DA:5819,0
DA:5822,0
DA:5823,0
DA:5824,0
DA:5827,0
DA:5828,0
DA:5829,0
DA:5832,0
DA:5833,0
DA:5834,0
DA:5837,0
DA:5838,0
DA:5839,0
DA:5842,0
DA:5843,0
DA:5844,0
DA:5847,0
DA:5848,0
DA:5849,0
DA:5852,0
DA:5853,0
DA:5854,0
DA:5857,0
DA:5858,0
DA:5859,0
DA:5862,0
DA:5863,0
DA:5864,0
DA:5867,0
DA:5868,0
DA:5869,0
DA:5872,0
DA:5873,0
DA:5874,0
DA:5877,0
DA:5878,0
DA:5879,0
DA:5882,0
DA:5883,0
DA:5884,0
DA:5887,0
DA:5888,0
DA:5889,0
DA:5892,0
DA:5893,0
DA:5894,0
DA:5897,0
DA:5898,0
DA:5899,0
DA:5902,0
DA:5903,0
DA:5904,0
DA:5907,0
DA:5908,0
DA:5909,0
DA:5910,0
DA:5913,0
DA:5914,0
DA:5915,0
DA:5918,0
DA:5919,0
DA:5920,0
DA:5923,0
DA:5924,0
DA:5925,0
DA:5928,0
DA:5929,0
DA:5930,0
DA:5933,0
DA:5934,0
DA:5935,0
DA:5938,0
DA:5939,0
DA:5940,0
DA:5946,0
DA:5953,0
DA:5954,0
DA:5956,0
DA:5957,0
DA:5959,0
DA:5960,0
DA:5962,0
DA:5963,0
DA:5964,0
DA:5967,0
DA:5968,0
DA:5969,0
DA:5972,0
DA:5973,0
DA:5974,0
DA:5977,0
DA:5978,0
DA:5980,0
DA:5981,0
DA:5983,0
DA:5984,0
DA:5986,0
DA:5987,0
DA:5988,0
DA:5991,0
DA:5992,0
DA:5993,0
DA:5996,0
DA:5997,0
DA:5998,0
DA:6001,0
DA:6002,0
DA:6003,0
DA:6006,0
DA:6007,0
DA:6008,0
DA:6011,0
DA:6012,0
DA:6013,0
DA:6016,0
DA:6017,0
DA:6018,0
DA:6021,0
DA:6022,0
DA:6023,0
DA:6026,0
DA:6027,0
DA:6028,0
DA:6031,0
DA:6032,0
DA:6033,0
DA:6036,0
DA:6037,0
DA:6038,0
DA:6041,0
DA:6042,0
DA:6043,0
DA:6046,0
DA:6047,0
DA:6048,0
DA:6049,0
DA:6052,0
DA:6053,0
DA:6054,0
DA:6057,0
DA:6058,0
DA:6060,0
DA:6061,0
DA:6063,0
DA:6064,0
DA:6066,0
DA:6067,0
DA:6068,0
DA:6071,0
DA:6072,0
DA:6074,0
DA:6077,0
DA:6079,0
DA:6080,0
DA:6081,0
DA:6083,0
DA:6087,0
DA:6088,0
DA:6089,0
DA:6096,0
DA:6099,0
DA:6103,0
DA:6105,0
DA:6106,0
DA:6107,0
DA:6109,0
DA:6113,0
DA:6114,0
DA:6115,0
DA:6122,0
DA:6125,0
DA:6129,0
DA:6131,0
DA:6132,0
DA:6133,0
DA:6135,0
DA:6139,0
DA:6140,0
DA:6141,0
DA:6148,0
DA:6151,0
DA:6154,0
DA:6156,0
DA:6157,0
DA:6158,0
DA:6160,0
DA:6164,0
DA:6165,0
DA:6166,0
DA:6173,0
DA:6197,0
DA:6198,0
DA:6199,0
DA:6202,0
DA:6203,0
DA:6204,0
DA:6205,0
DA:6206,0
DA:6207,0
DA:6209,0
DA:6239,0
DA:6271,0
DA:6301,0
DA:6332,0
DA:6333,0
DA:6334,0
DA:6335,0
DA:6337,0
DA:6339,0
DA:6345,0
DA:6347,0
DA:6348,0
DA:6349,0
DA:6350,0
DA:6351,0
DA:6354,0
DA:6355,0
DA:6357,0
DA:6364,0
DA:6365,0
DA:6366,0
DA:6370,0
DA:6372,0
DA:6373,0
DA:6378,0
DA:6385,0
DA:6386,0
DA:6387,0
DA:6391,0
DA:6393,0
DA:6394,0
DA:6399,0
DA:6406,0
DA:6407,0
DA:6408,0
DA:6412,0
DA:6414,0
DA:6415,0
DA:6420,0
DA:6427,0
DA:6428,0
DA:6429,0
DA:6433,0
DA:6435,0
DA:6436,0
DA:6493,0
DA:6499,0
DA:6500,0
DA:6502,0
DA:6503,0
DA:6505,0
DA:6506,0
DA:6507,0
DA:6508,0
DA:6509,0
DA:6511,0
DA:6512,0
DA:6519,0
DA:6526,0
DA:6527,0
DA:6528,0
DA:6531,0
DA:6532,0
DA:6533,0
DA:6536,0
DA:6537,0
DA:6538,0
DA:6541,0
DA:6542,0
DA:6543,0
DA:6546,0
DA:6547,0
DA:6549,0
DA:6550,0
DA:6551,0
DA:6553,0
DA:6557,0
DA:6558,0
DA:6559,0
DA:6572,0
DA:6579,0
DA:6580,0
DA:6581,0
DA:6584,0
DA:6585,0
DA:6586,0
DA:6589,0
DA:6590,0
DA:6591,0
DA:6594,0
DA:6595,0
DA:6596,0
DA:6599,0
DA:6600,0
DA:6602,0
DA:6603,0
DA:6604,0
DA:6606,0
DA:6610,0
DA:6611,0
DA:6612,0
DA:6625,0
DA:6632,0
DA:6633,0
DA:6635,0
DA:6636,0
DA:6638,0
DA:6639,0
DA:6641,0
DA:6642,0
DA:6644,0
DA:6645,0
DA:6647,0
DA:6648,0
DA:6649,0
DA:6651,0
DA:6655,0
DA:6656,0
DA:6657,0
DA:6683,0
DA:6686,0
DA:6687,0
DA:6690,0
DA:6691,0
DA:6692,0
DA:6693,0
DA:6694,0
DA:6695,0
DA:6697,0
DA:6704,0
DA:6713,0
DA:6720,0
DA:6728,0
DA:6729,0
DA:6730,0
DA:6731,0
DA:6732,0
DA:6735,0
DA:6736,0
DA:6737,0
DA:6739,0
DA:6755,0
DA:6758,0
DA:6760,0
DA:6762,0
DA:6765,0
DA:6766,0
DA:6773,0
DA:6774,0
DA:6816,0
DA:6822,0
DA:6823,0
DA:6825,0
DA:6826,0
DA:6828,0
DA:6829,0
DA:6830,0
DA:6831,0
DA:6832,0
DA:6834,0
DA:6835,0
DA:6839,0
DA:6840,0
DA:6842,0
DA:6843,0
DA:6845,0
DA:6846,0
DA:6847,0
DA:6848,0
DA:6849,0
DA:6851,0
DA:6852,0
DA:6859,0
DA:6866,0
DA:6867,0
DA:6869,0
DA:6870,0
DA:6871,0
DA:6873,0
DA:6877,0
DA:6878,0
DA:6879,0
DA:6889,0
DA:6890,0
DA:6892,0
DA:6893,0
DA:6894,0
DA:6896,0
DA:6900,0
DA:6901,0
DA:6902,0
DA:6915,0
DA:6922,0
DA:6923,0
DA:6925,0
DA:6926,0
DA:6927,0
DA:6929,0
DA:6933,0
DA:6934,0
DA:6935,0
DA:6945,0
DA:6946,0
DA:6948,0
DA:6949,0
DA:6950,0
DA:6952,0
DA:6956,0
DA:6957,0
DA:6958,0
DA:6971,0
DA:6978,0
DA:6979,0
DA:6981,0
DA:6982,0
DA:6983,0
DA:6985,0
DA:6989,0
DA:6990,0
DA:6991,0
DA:7001,0
DA:7002,0
DA:7004,0
DA:7005,0
DA:7006,0
DA:7008,0
DA:7012,0
DA:7013,0
DA:7014,0
DA:7040,0
DA:7043,0
DA:7044,0
DA:7047,0
DA:7048,0
DA:7049,0
DA:7050,0
DA:7054,0
DA:7055,0
DA:7060,0
DA:7064,0
DA:7070,0
DA:7074,0
DA:7079,0
DA:7080,0
DA:7081,0
DA:7082,0
DA:7083,0
DA:7086,0
DA:7087,0
DA:7088,0
DA:7090,0
DA:7106,0
DA:7109,0
DA:7111,0
DA:7114,0
DA:7117,0
DA:7118,0
DA:7124,0
DA:7126,0
DA:7129,0
DA:7132,0
DA:7133,0
DA:7140,0
DA:7141,0
DA:7182,0
DA:7189,0
DA:7190,0
DA:7191,0
DA:7194,0
DA:7195,0
DA:7196,0
DA:7199,0
DA:7200,0
DA:7201,0
DA:7204,0
DA:7205,0
DA:7206,0
DA:7212,0
DA:7219,0
DA:7220,0
DA:7221,0
DA:7224,0
DA:7225,0
DA:7226,0
DA:7229,0
DA:7230,0
DA:7231,0
DA:7234,0
DA:7235,0
DA:7236,0
DA:7242,0
DA:7249,0
DA:7250,0
DA:7252,0
DA:7253,0
DA:7255,0
DA:7256,0
DA:7258,0
DA:7259,0
DA:7280,0
DA:7281,0
DA:7282,0
DA:7285,0
DA:7286,0
DA:7287,0
DA:7288,0
DA:7289,0
DA:7290,0
DA:7292,0
DA:7298,0
DA:7306,0
DA:7312,0
DA:7319,0
DA:7320,0
DA:7321,0
DA:7369,0
DA:7376,0
DA:7377,0
DA:7378,0
DA:7381,0
DA:7382,0
DA:7383,0
DA:7386,0
DA:7387,0
DA:7388,0
DA:7391,0
DA:7392,0
DA:7393,0
DA:7396,0
DA:7397,0
DA:7398,0
DA:7401,0
DA:7402,0
DA:7403,0
DA:7406,0
DA:7407,0
DA:7408,0
DA:7414,0
DA:7421,0
DA:7422,0
DA:7423,0
DA:7426,0
DA:7427,0
DA:7428,0
DA:7431,0
DA:7432,0
DA:7433,0
DA:7436,0
DA:7437,0
DA:7438,0
DA:7441,0
DA:7442,0
DA:7443,0
DA:7446,0
DA:7447,0
DA:7448,0
DA:7451,0
DA:7452,0
DA:7453,0
DA:7459,0
DA:7466,0
DA:7467,0
DA:7469,0
DA:7470,0
DA:7472,0
DA:7473,0
DA:7475,0
DA:7476,0
DA:7477,0
DA:7480,0
DA:7481,0
DA:7483,0
DA:7484,0
DA:7486,0
DA:7487,0
DA:7488,0
DA:7510,0
DA:7511,0
DA:7512,0
DA:7515,0
DA:7516,0
DA:7517,0
DA:7518,0
DA:7519,0
DA:7520,0
DA:7522,0
DA:7531,0
DA:7542,0
DA:7551,0
DA:7561,0
DA:7562,0
DA:7563,0
DA:7611,0
DA:7618,0
DA:7619,0
DA:7620,0
DA:7623,0
DA:7624,0
DA:7625,0
DA:7628,0
DA:7629,0
DA:7630,0
DA:7633,0
DA:7634,0
DA:7635,0
DA:7638,0
DA:7639,0
DA:7640,0
DA:7643,0
DA:7644,0
DA:7645,0
DA:7648,0
DA:7649,0
DA:7650,0
DA:7653,0
DA:7654,0
DA:7655,0
DA:7661,0
DA:7668,0
DA:7669,0
DA:7670,0
DA:7673,0
DA:7674,0
DA:7675,0
DA:7678,0
DA:7679,0
DA:7680,0
DA:7683,0
DA:7684,0
DA:7685,0
DA:7688,0
DA:7689,0
DA:7690,0
DA:7693,0
DA:7694,0
DA:7695,0
DA:7698,0
DA:7699,0
DA:7700,0
DA:7703,0
DA:7704,0
DA:7705,0
DA:7711,0
DA:7718,0
DA:7719,0
DA:7721,0
DA:7722,0
DA:7724,0
DA:7725,0
DA:7727,0
DA:7728,0
DA:7729,0
DA:7732,0
DA:7733,0
DA:7735,0
DA:7736,0
DA:7737,0
DA:7740,0
DA:7741,0
DA:7743,0
DA:7744,0
DA:7769,0
DA:7772,0
DA:7773,0
DA:7776,0
DA:7777,0
DA:7778,0
DA:7779,0
DA:7783,0
DA:7784,0
DA:7789,0
DA:7798,0
DA:7809,0
DA:7818,0
DA:7828,0
DA:7829,0
DA:7830,0
DA:7870,0
DA:7872,0
DA:7873,0
DA:7875,0
DA:7876,0
DA:7878,0
DA:7879,0
DA:7880,0
DA:7881,0
DA:7882,0
DA:7884,0
DA:7885,0
DA:7892,0
DA:7899,0
DA:7900,0
DA:7901,0
DA:7904,0
DA:7905,0
DA:7907,0
DA:7908,0
DA:7909,0
DA:7911,0
DA:7915,0
DA:7916,0
DA:7917,0
DA:7930,0
DA:7937,0
DA:7938,0
DA:7939,0
DA:7942,0
DA:7943,0
DA:7945,0
DA:7946,0
DA:7947,0
DA:7949,0
DA:7953,0
DA:7954,0
DA:7955,0
DA:7968,0
DA:7975,0
DA:7976,0
DA:7977,0
DA:7980,0
DA:7981,0
DA:7983,0
DA:7984,0
DA:7985,0
DA:7987,0
DA:7991,0
DA:7992,0
DA:7993,0
DA:8019,0
DA:8020,0
DA:8021,0
DA:8024,0
DA:8025,0
DA:8026,0
DA:8027,0
DA:8028,0
DA:8029,0
DA:8031,0
DA:8034,0
DA:8039,0
DA:8042,0
DA:8046,0
DA:8047,0
DA:8048,0
DA:8049,0
DA:8050,0
DA:8053,0
DA:8054,0
DA:8055,0
DA:8057,0
DA:8073,0
DA:8076,0
DA:8078,0
DA:8080,0
DA:8082,0
DA:8083,0
DA:8090,0
DA:8091,0
DA:8138,0
DA:8145,0
DA:8146,0
DA:8147,0
DA:8150,0
DA:8151,0
DA:8152,0
DA:8155,0
DA:8156,0
DA:8157,0
DA:8160,0
DA:8161,0
DA:8162,0
DA:8165,0
DA:8166,0
DA:8167,0
DA:8170,0
DA:8171,0
DA:8172,0
DA:8175,0
DA:8176,0
DA:8177,0
DA:8180,0
DA:8181,0
DA:8182,0
DA:8188,0
DA:8195,0
DA:8196,0
DA:8197,0
DA:8200,0
DA:8201,0
DA:8202,0
DA:8205,0
DA:8206,0
DA:8207,0
DA:8210,0
DA:8211,0
DA:8212,0
DA:8215,0
DA:8216,0
DA:8217,0
DA:8220,0
DA:8221,0
DA:8222,0
DA:8225,0
DA:8226,0
DA:8227,0
DA:8230,0
DA:8231,0
DA:8232,0
DA:8238,0
DA:8245,0
DA:8246,0
DA:8248,0
DA:8249,0
DA:8250,0
DA:8253,0
DA:8254,0
DA:8255,0
DA:8258,0
DA:8259,0
DA:8261,0
DA:8262,0
DA:8263,0
DA:8266,0
DA:8267,0
DA:8268,0
DA:8271,0
DA:8272,0
DA:8274,0
DA:8275,0
DA:8276,0
DA:8298,0
DA:8299,0
DA:8300,0
DA:8303,0
DA:8304,0
DA:8305,0
DA:8306,0
DA:8307,0
DA:8308,0
DA:8310,0
DA:8319,0
DA:8330,0
DA:8339,0
DA:8349,0
DA:8350,0
DA:8351,0
DA:8393,0
DA:8400,0
DA:8401,0
DA:8402,0
DA:8405,0
DA:8406,0
DA:8407,0
DA:8410,0
DA:8411,0
DA:8412,0
DA:8415,0
DA:8416,0
DA:8417,0
DA:8420,0
DA:8421,0
DA:8422,0
DA:8428,0
DA:8435,0
DA:8436,0
DA:8437,0
DA:8440,0
DA:8441,0
DA:8442,0
DA:8445,0
DA:8446,0
DA:8447,0
DA:8450,0
DA:8451,0
DA:8452,0
DA:8455,0
DA:8456,0
DA:8457,0
DA:8463,0
DA:8470,0
DA:8471,0
DA:8473,0
DA:8474,0
DA:8475,0
DA:8478,0
DA:8479,0
DA:8480,0
DA:8483,0
DA:8484,0
DA:8486,0
DA:8487,0
DA:8512,0
DA:8515,0
DA:8516,0
DA:8519,0
DA:8520,0
DA:8521,0
DA:8522,0
DA:8523,0
DA:8524,0
DA:8526,0
DA:8532,0
DA:8540,0
DA:8546,0
DA:8553,0
DA:8554,0
DA:8555,0
DA:8599,0
DA:8606,0
DA:8607,0
DA:8608,0
DA:8611,0
DA:8612,0
DA:8613,0
DA:8616,0
DA:8617,0
DA:8618,0
DA:8621,0
DA:8622,0
DA:8623,0
DA:8629,0
DA:8636,0
DA:8637,0
DA:8638,0
DA:8641,0
DA:8642,0
DA:8643,0
DA:8646,0
DA:8647,0
DA:8648,0
DA:8651,0
DA:8652,0
DA:8653,0
DA:8659,0
DA:8666,0
DA:8667,0
DA:8668,0
DA:8671,0
DA:8672,0
DA:8674,0
DA:8675,0
DA:8677,0
DA:8678,0
DA:8703,0
DA:8706,0
DA:8707,0
DA:8710,0
DA:8711,0
DA:8712,0
DA:8713,0
DA:8714,0
DA:8715,0
DA:8717,0
DA:8722,0
DA:8729,0
DA:8734,0
DA:8740,0
DA:8741,0
DA:8742,0
DA:8784,0
DA:8791,0
DA:8792,0
DA:8793,0
DA:8796,0
DA:8797,0
DA:8798,0
DA:8804,0
DA:8811,0
DA:8812,0
DA:8813,0
DA:8816,0
DA:8817,0
DA:8818,0
DA:8824,0
DA:8831,0
DA:8832,0
DA:8834,0
DA:8835,0
DA:8836,0
DA:8862,0
DA:8865,0
DA:8866,0
DA:8869,0
DA:8870,0
DA:8871,0
DA:8872,0
DA:8873,0
DA:8874,0
DA:8876,0
DA:8880,0
DA:8886,0
DA:8890,0
DA:8895,0
DA:8896,0
DA:8897,0
DA:8939,0
DA:8946,0
DA:8947,0
DA:8948,0
DA:8951,0
DA:8952,0
DA:8953,0
DA:8959,0
DA:8966,0
DA:8967,0
DA:8968,0
DA:8971,0
DA:8972,0
DA:8973,0
DA:8979,0
DA:8986,0
DA:8987,0
DA:8989,0
DA:8990,0
DA:9015,0
DA:9016,0
DA:9017,0
DA:9020,0
DA:9021,0
DA:9022,0
DA:9023,0
DA:9024,0
DA:9025,0
DA:9027,0
DA:9032,0
DA:9034,0
DA:9038,0
DA:9043,0
DA:9044,0
DA:9045,0
DA:9071,0
DA:9072,0
DA:9073,0
DA:9074,0
DA:9075,0
DA:9076,0
DA:9077,0
DA:9078,0
DA:9079,0
DA:9080,0
DA:9081,0
DA:9082,0
DA:9083,0
DA:9084,0
DA:9085,0
DA:9086,0
DA:9087,0
DA:9088,0
DA:9089,0
DA:9090,0
DA:9091,0
DA:9092,0
DA:9093,0
DA:9094,0
DA:9095,0
LF:3797
LH:774
end_of_record
SF:lib/src/data/database.dart
DA:31,0
DA:32,0
DA:33,0
DA:34,0
DA:35,0
DA:36,0
DA:37,0
DA:38,0
DA:39,0
DA:40,0
DA:41,0
DA:44,0
DA:45,0
DA:46,0
DA:47,0
DA:49,0
DA:50,0
DA:51,0
DA:52,0
DA:53,0
DA:54,0
DA:55,0
DA:56,0
DA:59,0
DA:60,0
DA:61,0
DA:62,0
DA:64,0
DA:69,0
DA:70,0
DA:71,0
DA:72,0
DA:73,0
DA:74,0
DA:76,0
DA:77,0
DA:82,0
DA:84,0
DA:85,0
DA:87,0
DA:89,0
DA:90,0
DA:95,0
DA:96,0
DA:97,0
DA:98,0
DA:100,0
DA:101,0
DA:106,0
DA:107,0
DA:108,0
DA:109,0
DA:110,0
DA:111,0
DA:112,0
DA:114,0
DA:115,0
DA:124,0
DA:125,0
DA:126,0
DA:127,0
DA:128,0
DA:129,0
DA:130,0
DA:131,0
DA:136,0
DA:137,0
DA:138,0
DA:139,0
DA:141,0
DA:142,0
DA:147,0
DA:148,0
DA:149,0
DA:150,0
DA:151,0
DA:152,0
DA:153,0
DA:154,0
DA:155,0
DA:157,0
DA:158,0
DA:163,0
DA:164,0
DA:165,0
DA:166,0
DA:167,0
DA:168,0
DA:170,0
DA:171,0
DA:172,0
DA:178,0
DA:179,0
DA:180,0
DA:181,0
DA:183,0
DA:184,0
DA:189,0
DA:190,0
DA:192,0
DA:193,0
DA:198,0
DA:199,0
DA:201,0
DA:202,0
DA:226,11
DA:228,4
DA:231,4
DA:233,4
DA:234,3
DA:235,3
DA:238,3
DA:241,3
DA:244,3
DA:247,3
DA:250,3
DA:254,1
DA:255,1
DA:257,0
DA:258,0
DA:259,0
DA:260,0
DA:262,0
DA:266,1
DA:268,0
DA:270,1
DA:272,0
DA:274,1
DA:276,0
DA:278,1
DA:280,2
DA:291,0
DA:292,0
DA:293,0
DA:294,0
DA:295,0
DA:297,0
DA:298,0
DA:299,0
DA:303,0
DA:304,0
DA:305,0
DA:306,0
DA:307,0
DA:308,0
DA:310,0
DA:311,0
DA:313,0
DA:314,0
DA:318,2
DA:324,4
DA:325,8
DA:326,2
DA:328,8
DA:331,10
DA:333,2
DA:337,1
DA:338,1
DA:341,1
DA:343,3
DA:344,6
DA:346,1
DA:348,0
DA:349,0
DA:350,0
DA:351,0
DA:355,0
DA:356,0
DA:357,0
DA:358,0
DA:359,0
DA:360,0
DA:368,3
DA:369,12
DA:373,3
DA:380,3
DA:382,1
DA:383,1
DA:384,6
DA:385,1
DA:386,1
DA:387,1
DA:388,1
DA:389,1
DA:390,1
DA:391,2
DA:395,9
DA:396,3
DA:397,3
DA:398,3
DA:399,3
DA:400,3
DA:401,3
DA:408,2
DA:409,6
DA:410,4
DA:416,0
DA:417,0
DA:418,0
DA:419,0
DA:420,0
DA:424,2
DA:425,8
DA:426,14
DA:427,10
DA:428,8
DA:429,2
DA:433,1
DA:435,2
DA:436,4
DA:437,1
DA:438,1
DA:443,1
DA:445,2
DA:446,4
DA:447,1
DA:448,1
DA:449,1
DA:453,1
DA:454,1
DA:456,7
DA:457,2
DA:461,2
DA:462,4
DA:463,8
DA:464,2
DA:465,2
DA:469,3
DA:477,9
DA:478,3
DA:479,3
DA:480,3
DA:481,6
DA:482,3
DA:483,3
DA:484,3
DA:490,3
DA:492,3
DA:493,3
DA:494,15
DA:495,12
DA:499,3
DA:500,3
DA:501,3
DA:502,18
DA:506,3
DA:507,18
DA:511,4
DA:513,8
DA:514,16
DA:515,4
DA:516,4
DA:521,2
DA:522,6
DA:523,2
DA:524,2
DA:525,2
DA:532,0
DA:533,0
DA:534,0
DA:535,0
DA:536,0
DA:537,0
DA:541,2
DA:542,6
DA:543,12
DA:547,3
DA:548,3
DA:549,3
DA:550,15
DA:554,2
DA:559,6
DA:560,2
DA:561,2
DA:562,2
DA:563,2
DA:570,2
DA:571,2
DA:572,2
DA:573,10
DA:577,3
DA:578,9
DA:579,10
DA:583,3
DA:584,9
DA:585,6
DA:591,2
DA:592,2
DA:593,2
DA:594,10
DA:595,2
DA:599,2
DA:600,6
DA:601,6
DA:607,0
DA:609,0
DA:610,0
DA:612,0
DA:613,0
DA:615,0
DA:619,1
DA:620,2
DA:621,1
DA:622,0
DA:624,0
DA:625,0
DA:626,0
DA:631,0
DA:633,0
DA:636,0
DA:637,0
DA:639,0
DA:640,0
DA:641,0
DA:645,0
DA:654,0
DA:655,0
DA:659,0
DA:660,0
DA:664,0
DA:665,0
DA:666,0
DA:667,0
LF:323
LH:145
end_of_record
SF:lib/src/engine/crossing_graph.dart
DA:23,3
DA:31,0
DA:33,0
DA:41,12
DA:42,6
DA:46,6
DA:47,24
DA:48,18
DA:49,18
DA:50,6
DA:51,24
DA:52,24
DA:58,9
DA:59,9
DA:63,3
DA:64,9
DA:65,3
DA:68,9
DA:69,3
DA:70,6
DA:73,6
DA:74,6
DA:75,6
DA:76,6
DA:78,3
DA:79,3
DA:81,3
DA:84,3
DA:93,1
DA:98,2
DA:99,0
DA:101,1
DA:102,3
DA:103,3
DA:104,4
DA:105,3
DA:106,1
DA:107,1
DA:108,2
DA:109,2
DA:111,2
DA:112,2
DA:121,6
DA:122,18
DA:125,18
DA:126,6
DA:127,12
DA:130,12
DA:131,12
DA:132,6
DA:133,12
DA:136,6
DA:140,1
DA:141,3
DA:146,1
DA:147,3
DA:148,1
DA:152,3
DA:153,2
DA:154,1
DA:156,1
DA:169,6
LF:62
LH:59
end_of_record
SF:lib/src/engine/grid_engine.dart
DA:21,6
DA:29,0
DA:30,0
DA:31,0
DA:34,0
DA:48,7
DA:67,7
DA:75,4
DA:76,20
DA:77,8
DA:78,12
DA:79,9
DA:84,7
DA:85,14
DA:86,21
DA:87,18
DA:97,7
DA:98,14
DA:99,7
DA:100,35
DA:104,24
DA:108,2
DA:109,2
DA:111,4
DA:112,12
DA:115,4
DA:116,2
DA:119,14
DA:129,4
DA:130,12
DA:131,20
DA:132,20
DA:133,12
DA:149,6
DA:159,30
DA:162,4
DA:164,16
DA:165,16
DA:166,8
DA:167,16
LF:40
LH:36
end_of_record
SF:lib/src/engine/distractor_engine.dart
DA:188,2
DA:194,2
DA:195,2
DA:196,2
DA:198,2
DA:201,2
DA:203,6
DA:204,2
DA:205,4
DA:208,4
DA:209,2
DA:211,8
DA:212,2
DA:213,4
DA:214,4
DA:215,4
DA:220,4
DA:221,2
DA:223,6
DA:224,2
DA:225,3
DA:226,2
DA:227,1
DA:232,4
DA:235,2
DA:236,2
DA:237,2
DA:238,2
DA:239,2
DA:240,2
DA:242,2
DA:243,2
DA:244,4
DA:245,4
DA:246,2
DA:250,2
DA:251,4
DA:258,2
DA:264,2
DA:265,2
DA:266,2
DA:267,2
DA:271,4
DA:272,4
DA:273,2
DA:279,2
DA:283,2
DA:285,2
DA:288,4
DA:290,0
DA:292,2
DA:295,2
DA:296,4
DA:297,2
DA:298,2
DA:299,2
DA:301,6
DA:310,2
DA:311,4
DA:314,2
DA:316,4
DA:317,2
DA:318,8
DA:321,1
DA:324,2
DA:327,2
LF:66
LH:65
end_of_record
SF:lib/src/engine/integrated_generator.dart
DA:21,3
DA:28,3
DA:29,6
DA:30,9
DA:31,9
DA:39,3
DA:40,3
DA:48,3
DA:49,3
DA:50,15
DA:51,3
DA:52,3
DA:53,9
DA:55,3
DA:59,3
DA:60,6
DA:61,3
DA:62,3
DA:63,3
DA:64,3
DA:68,3
DA:72,3
DA:73,9
DA:74,12
DA:75,3
DA:76,3
DA:77,3
DA:78,3
DA:79,3
DA:80,18
DA:81,18
DA:82,3
DA:88,3
DA:89,15
DA:92,3
DA:98,3
DA:99,6
DA:100,15
DA:101,3
DA:102,3
DA:103,3
DA:104,6
DA:105,15
DA:106,6
DA:109,3
DA:110,3
DA:111,3
DA:115,3
DA:120,3
DA:121,14
DA:124,6
DA:125,9
DA:126,3
DA:127,6
DA:128,3
DA:134,3
DA:145,0
DA:146,0
DA:152,1
DA:154,15
DA:155,12
DA:156,6
DA:157,3
DA:161,6
DA:163,4
DA:164,3
DA:170,3
DA:175,3
DA:176,3
DA:179,9
DA:180,3
DA:182,6
DA:188,21
DA:191,15
DA:194,3
DA:195,3
DA:197,9
DA:199,6
DA:200,3
DA:203,3
DA:204,3
DA:205,12
DA:206,3
DA:207,6
DA:210,6
DA:211,3
DA:214,12
DA:215,3
DA:216,3
DA:224,3
DA:225,6
DA:227,6
DA:234,4
DA:236,4
DA:237,2
DA:238,1
DA:239,1
DA:240,1
DA:241,4
DA:242,1
DA:243,2
DA:245,2
DA:246,1
DA:248,4
DA:249,1
DA:250,1
DA:256,1
DA:257,2
DA:258,2
DA:261,2
DA:266,6
DA:269,3
DA:273,12
DA:276,3
DA:282,3
DA:283,9
DA:284,9
DA:285,6
DA:286,6
DA:289,3
DA:290,3
DA:293,3
DA:294,9
DA:295,9
DA:296,9
DA:297,3
DA:300,6
DA:301,3
DA:302,3
DA:304,3
DA:305,3
DA:308,3
DA:309,3
DA:324,3
DA:327,6
DA:329,6
DA:331,3
DA:334,3
DA:335,6
DA:337,3
DA:338,3
DA:339,3
DA:341,6
DA:352,3
DA:359,12
DA:361,6
DA:362,6
DA:363,6
DA:364,3
DA:365,6
DA:366,6
DA:367,3
DA:369,18
DA:371,3
DA:372,3
DA:374,3
DA:377,9
DA:378,12
DA:379,3
DA:381,6
DA:382,3
DA:383,6
DA:388,9
DA:400,3
DA:406,12
DA:408,6
DA:409,3
DA:410,3
DA:411,12
DA:412,3
DA:414,9
DA:415,6
DA:416,6
DA:417,3
DA:418,6
DA:419,6
DA:420,3
DA:422,9
DA:423,3
DA:425,6
DA:426,9
DA:427,9
DA:435,3
DA:441,6
DA:442,3
DA:443,3
DA:448,3
DA:449,3
DA:450,3
DA:452,6
DA:453,18
DA:454,6
DA:455,3
DA:456,3
DA:457,3
DA:458,3
DA:459,3
DA:463,3
DA:464,3
DA:465,3
DA:466,3
DA:468,6
DA:469,6
DA:470,3
DA:472,3
DA:473,3
DA:475,6
DA:476,3
DA:477,3
DA:478,9
DA:479,6
DA:481,6
DA:482,3
DA:483,3
DA:484,3
DA:485,3
DA:487,3
DA:488,3
DA:490,3
DA:491,9
DA:492,9
DA:495,3
DA:496,3
DA:498,6
DA:499,6
DA:500,3
DA:506,6
DA:507,12
DA:508,3
DA:509,6
DA:513,3
DA:514,9
DA:515,9
DA:516,3
DA:517,9
DA:521,3
DA:526,2
DA:533,1
DA:537,1
DA:539,2
DA:540,2
DA:543,1
DA:544,4
DA:545,4
DA:546,4
DA:549,2
DA:550,1
DA:554,1
DA:561,1
DA:563,1
DA:564,1
DA:565,1
DA:570,0
DA:572,0
DA:573,0
DA:574,0
DA:582,1
DA:583,2
DA:584,1
DA:585,5
DA:586,4
DA:587,3
DA:589,2
DA:590,2
DA:603,3
DA:620,3
LF:266
LH:260
end_of_record
SF:lib/src/state/database_provider.dart
DA:4,13
DA:5,1
DA:6,2
LF:3
LH:3
end_of_record
SF:lib/src/state/leaderboard_service.dart
DA:9,0
DA:11,0
DA:12,0
DA:14,0
DA:23,0
DA:25,0
DA:26,0
LF:7
LH:0
end_of_record
SF:lib/src/state/level_generation.dart
DA:14,4
DA:15,2
DA:16,4
DA:17,8
DA:18,4
DA:19,4
DA:23,2
DA:24,9
DA:30,2
DA:39,1
DA:41,2
DA:47,4
DA:50,1
DA:51,2
DA:52,1
DA:53,1
DA:54,1
DA:55,1
DA:56,1
DA:59,1
DA:61,1
DA:62,1
DA:64,1
DA:67,1
DA:76,1
DA:77,1
DA:78,1
DA:79,1
DA:80,1
DA:82,1
DA:85,0
DA:92,1
DA:93,1
DA:94,3
DA:95,2
DA:96,1
DA:97,0
DA:98,4
DA:102,1
DA:106,1
DA:108,0
DA:111,1
LF:42
LH:39
end_of_record
SF:lib/src/state/level_state_codec.dart
DA:11,2
DA:12,2
DA:13,2
DA:14,6
DA:15,6
DA:16,2
DA:17,4
DA:18,4
DA:19,2
DA:20,2
DA:21,2
DA:26,2
DA:27,2
DA:28,4
DA:29,4
DA:30,4
DA:31,4
DA:32,4
DA:33,4
DA:34,2
DA:35,2
DA:36,4
DA:39,2
DA:41,4
DA:42,2
DA:43,2
DA:44,2
DA:45,2
DA:48,2
DA:53,1
DA:55,1
DA:56,1
DA:57,1
DA:58,1
DA:60,1
DA:61,3
DA:62,1
DA:63,3
DA:64,3
DA:65,2
DA:66,3
DA:67,3
DA:70,3
DA:72,1
DA:73,1
DA:74,1
DA:75,1
DA:76,1
DA:77,1
DA:78,1
DA:80,1
DA:81,1
DA:82,2
DA:84,1
DA:87,2
DA:88,2
DA:89,1
DA:90,3
DA:91,2
DA:96,1
DA:97,1
DA:101,1
DA:102,1
DA:124,2
DA:141,2
DA:142,4
DA:143,4
DA:144,12
DA:145,2
DA:146,10
DA:147,2
DA:148,6
DA:149,2
DA:150,4
DA:151,14
DA:152,2
DA:153,2
DA:154,2
DA:155,2
DA:156,2
DA:157,2
DA:158,4
DA:160,6
DA:161,4
DA:166,1
DA:168,1
DA:170,1
DA:171,3
DA:173,4
DA:177,3
DA:179,3
DA:182,1
DA:183,3
DA:185,1
DA:186,1
DA:187,1
DA:188,1
DA:189,1
DA:193,1
DA:194,3
DA:196,5
DA:199,1
DA:200,4
DA:201,1
DA:203,1
DA:204,1
DA:205,1
DA:211,1
DA:212,2
DA:213,1
DA:214,1
DA:215,1
DA:216,1
DA:217,1
LF:114
LH:114
end_of_record
SF:lib/src/state/player_state.dart
DA:15,4
DA:25,2
DA:26,4
DA:27,6
DA:28,4
DA:31,2
DA:40,2
DA:41,1
DA:42,1
DA:43,1
DA:44,1
DA:45,1
DA:46,0
DA:47,1
DA:51,2
DA:53,4
DA:54,0
DA:61,4
DA:75,0
DA:76,0
DA:78,0
DA:79,0
DA:80,0
DA:81,0
DA:82,0
DA:83,0
DA:84,0
DA:85,0
DA:86,0
DA:88,0
DA:92,2
DA:96,2
DA:97,4
DA:98,6
DA:99,2
DA:100,2
DA:101,1
DA:103,6
DA:106,4
DA:107,2
DA:108,6
DA:109,6
DA:110,6
DA:113,6
DA:114,2
DA:115,2
DA:116,2
DA:117,1
DA:120,2
DA:129,2
DA:130,2
DA:131,4
DA:132,4
DA:133,4
DA:134,6
DA:135,6
DA:140,1
DA:141,1
DA:142,1
DA:143,3
DA:146,2
DA:147,2
DA:148,1
DA:149,6
DA:153,2
DA:154,2
DA:155,2
DA:158,1
DA:159,3
DA:160,1
DA:161,3
DA:162,5
DA:164,4
DA:169,12
LF:74
LH:60
end_of_record
SF:lib/src/ui/screens/game_screen.dart
DA:43,1
DA:45,1
DA:46,1
DA:97,1
DA:99,1
DA:100,4
DA:101,1
DA:102,1
DA:103,2
DA:104,1
DA:108,1
DA:110,1
DA:111,4
DA:112,5
DA:113,1
DA:114,5
DA:115,4
DA:120,3
DA:128,1
DA:129,4
DA:130,4
DA:131,2
DA:132,3
DA:133,1
DA:134,1
DA:136,2
DA:144,1
DA:146,1
DA:147,2
DA:148,4
DA:150,4
DA:153,0
DA:155,0
DA:158,0
DA:159,0
DA:160,0
DA:161,0
DA:162,0
DA:163,0
DA:164,0
DA:165,0
DA:166,0
DA:167,0
DA:168,0
DA:169,0
DA:170,0
DA:171,0
DA:172,0
DA:174,0
DA:175,0
DA:178,0
DA:183,0
DA:184,0
DA:185,0
DA:186,0
DA:187,0
DA:189,0
DA:192,0
DA:193,0
DA:194,0
DA:195,0
DA:198,0
DA:200,0
DA:204,0
DA:205,0
DA:206,0
DA:207,0
DA:210,0
DA:211,0
DA:212,0
DA:216,0
DA:217,0
DA:222,1
DA:223,5
DA:225,3
DA:226,1
DA:227,3
DA:228,3
DA:229,1
DA:230,1
DA:231,2
DA:232,2
DA:233,2
DA:234,2
DA:235,1
DA:236,3
DA:237,1
DA:238,1
DA:239,1
DA:240,1
DA:241,1
DA:242,3
DA:243,3
DA:244,1
DA:254,0
DA:256,0
DA:258,0
DA:259,0
DA:260,0
DA:261,0
DA:262,0
DA:269,1
DA:270,3
DA:271,2
DA:272,3
DA:273,3
DA:278,1
DA:281,5
DA:282,1
DA:284,1
DA:288,1
DA:289,1
DA:290,3
DA:294,1
DA:296,3
DA:297,6
DA:298,1
DA:302,1
DA:303,2
DA:304,5
DA:310,1
DA:311,4
DA:312,4
DA:314,4
DA:315,1
DA:317,1
DA:318,1
DA:319,2
DA:321,2
DA:322,2
DA:323,0
DA:324,0
DA:327,0
DA:328,0
DA:331,2
DA:333,4
DA:335,0
DA:337,4
DA:338,2
DA:339,2
DA:340,1
DA:341,1
DA:345,4
DA:346,1
DA:349,1
DA:350,2
DA:351,1
DA:352,1
DA:353,1
DA:357,1
DA:359,4
DA:360,1
DA:365,1
DA:367,5
DA:368,1
DA:369,3
DA:370,2
DA:376,5
DA:377,1
DA:378,2
DA:379,1
DA:381,2
DA:384,4
DA:386,0
DA:393,1
DA:394,2
DA:395,3
DA:396,1
DA:397,4
DA:403,5
DA:404,1
DA:405,3
DA:406,2
DA:409,2
DA:410,2
DA:411,2
DA:413,4
DA:417,1
DA:419,1
DA:420,1
DA:421,1
DA:422,7
DA:425,1
DA:426,2
DA:427,3
DA:429,5
DA:430,1
DA:431,2
DA:432,2
DA:433,1
DA:434,2
DA:435,2
DA:436,1
DA:437,1
DA:447,2
DA:449,3
DA:451,0
DA:452,0
DA:453,0
DA:454,0
DA:455,0
DA:456,0
DA:457,0
DA:458,0
DA:459,0
DA:460,0
DA:468,4
DA:469,4
DA:470,2
DA:471,2
DA:472,1
DA:473,2
DA:474,0
DA:475,0
DA:476,0
DA:477,0
DA:484,2
DA:485,2
DA:486,1
DA:487,1
DA:491,1
DA:492,1
DA:494,4
DA:495,5
DA:496,1
DA:497,3
DA:498,2
DA:499,4
DA:507,1
DA:508,2
DA:509,1
DA:514,1
DA:515,3
DA:518,2
DA:519,0
DA:520,0
DA:521,0
DA:527,4
DA:528,0
DA:529,0
DA:530,0
DA:534,4
DA:535,1
DA:536,3
DA:537,7
DA:541,1
DA:542,1
DA:543,7
DA:545,4
DA:546,2
DA:548,0
DA:549,0
DA:552,1
DA:553,2
DA:554,1
DA:555,1
DA:556,3
DA:557,1
DA:560,1
DA:561,1
DA:566,2
DA:567,0
DA:568,0
DA:571,1
DA:573,3
DA:574,4
DA:575,1
DA:576,1
DA:577,1
DA:579,1
DA:581,2
DA:582,2
DA:584,5
DA:586,4
DA:587,1
DA:588,1
DA:590,0
DA:591,0
DA:595,1
DA:596,0
DA:597,0
DA:598,0
DA:604,1
DA:609,0
DA:616,0
DA:617,0
DA:618,0
DA:619,0
DA:621,0
DA:622,0
DA:623,0
DA:625,0
DA:627,0
DA:628,0
DA:630,0
DA:633,0
DA:634,0
DA:635,0
DA:636,0
DA:637,0
DA:647,1
DA:652,1
DA:653,1
DA:654,1
DA:656,2
DA:657,1
DA:660,2
DA:662,2
DA:664,1
DA:665,1
DA:666,1
DA:668,1
DA:669,5
DA:671,1
DA:672,2
DA:673,1
DA:676,1
DA:680,2
DA:681,1
DA:682,2
DA:683,2
DA:685,2
DA:687,2
DA:689,4
DA:690,1
DA:693,1
DA:699,1
DA:700,1
DA:701,0
DA:702,0
DA:703,0
DA:708,1
DA:709,0
DA:710,0
DA:711,0
DA:715,1
DA:716,0
DA:726,0
DA:727,0
DA:728,0
DA:730,0
DA:732,0
DA:734,0
DA:735,0
DA:737,0
DA:738,0
DA:739,0
DA:742,0
DA:743,0
DA:744,0
DA:745,0
DA:755,0
DA:756,0
DA:757,0
DA:758,0
DA:759,0
DA:766,5
DA:768,1
DA:769,1
DA:770,2
DA:771,1
DA:772,1
DA:773,2
DA:777,0
DA:778,0
DA:779,0
DA:780,0
DA:783,0
DA:784,0
DA:785,0
DA:786,0
DA:787,0
DA:797,0
DA:798,0
DA:800,0
DA:801,0
DA:802,0
DA:803,0
DA:805,0
DA:806,0
DA:807,0
DA:810,0
DA:811,0
DA:812,0
DA:815,0
DA:816,0
DA:817,0
DA:818,0
DA:819,0
DA:825,1
DA:826,2
DA:827,3
DA:828,2
DA:831,2
DA:832,2
DA:833,2
DA:834,1
DA:838,2
DA:839,1
DA:840,1
DA:841,2
DA:843,1
DA:847,1
DA:855,2
DA:856,2
DA:857,4
DA:858,4
DA:859,8
DA:866,1
DA:867,1
DA:868,1
DA:869,1
DA:870,1
DA:871,1
DA:872,2
DA:873,1
DA:875,1
DA:878,1
DA:879,1
DA:881,2
DA:884,1
DA:885,1
DA:887,1
DA:888,1
DA:889,1
DA:890,2
DA:898,1
DA:899,1
DA:900,2
DA:901,1
DA:903,1
DA:917,1
DA:919,1
DA:921,1
DA:922,4
DA:925,1
DA:926,1
DA:929,1
DA:930,1
DA:938,1
DA:939,1
DA:941,1
DA:942,1
DA:944,1
DA:947,2
DA:950,2
DA:953,1
DA:960,1
DA:961,1
DA:962,1
DA:963,1
DA:964,1
DA:967,3
DA:968,3
DA:969,2
DA:971,3
DA:972,3
DA:974,1
DA:976,1
DA:977,1
DA:978,1
DA:985,1
DA:987,1
DA:988,1
DA:989,1
DA:996,1
DA:998,1
DA:999,1
DA:1002,1
DA:1003,1
DA:1004,1
DA:1005,1
DA:1006,1
DA:1007,1
DA:1008,1
DA:1009,1
DA:1010,1
DA:1021,1
DA:1022,1
DA:1024,1
DA:1025,2
DA:1026,1
DA:1028,1
DA:1031,5
DA:1032,1
DA:1033,1
DA:1034,2
DA:1035,1
DA:1036,0
DA:1037,0
DA:1038,0
DA:1041,1
DA:1046,1
DA:1048,1
DA:1050,1
DA:1051,1
DA:1053,1
DA:1054,0
DA:1057,1
DA:1059,1
DA:1062,1
DA:1067,1
DA:1070,1
DA:1071,1
DA:1075,1
DA:1076,3
DA:1080,1
DA:1082,1
DA:1092,1
DA:1093,1
DA:1095,1
DA:1097,5
DA:1098,1
DA:1099,1
DA:1100,1
DA:1102,1
DA:1104,4
DA:1105,1
DA:1106,1
DA:1107,2
DA:1111,1
DA:1113,1
DA:1116,1
DA:1118,1
DA:1119,1
DA:1120,1
DA:1122,1
DA:1123,1
DA:1126,2
DA:1127,1
DA:1128,1
DA:1130,1
DA:1134,1
DA:1135,1
DA:1143,1
DA:1146,1
DA:1151,1
DA:1152,3
DA:1153,2
DA:1154,3
DA:1156,2
DA:1157,2
DA:1158,4
DA:1159,5
DA:1160,1
DA:1161,1
DA:1162,1
DA:1164,1
DA:1166,1
DA:1168,1
DA:1169,2
DA:1170,1
DA:1172,2
DA:1173,1
DA:1175,1
DA:1178,1
DA:1180,1
DA:1183,1
DA:1190,1
DA:1191,4
DA:1192,5
DA:1193,3
DA:1196,0
DA:1197,0
DA:1198,0
DA:1199,0
DA:1200,0
DA:1201,0
DA:1202,0
DA:1203,0
DA:1204,0
DA:1205,0
DA:1207,0
DA:1208,0
DA:1209,0
DA:1210,0
DA:1214,1
DA:1215,4
DA:1216,4
DA:1217,4
DA:1218,1
DA:1221,3
DA:1223,5
DA:1227,2
DA:1229,5
DA:1230,1
DA:1231,0
DA:1232,0
DA:1233,0
DA:1236,1
DA:1237,0
DA:1239,2
DA:1241,2
DA:1242,3
DA:1243,1
DA:1246,1
DA:1247,2
DA:1248,1
DA:1252,0
DA:1253,0
DA:1254,0
DA:1255,0
DA:1257,0
DA:1258,0
DA:1260,0
DA:1261,0
DA:1262,0
DA:1263,0
DA:1264,0
DA:1267,0
DA:1269,0
DA:1271,0
DA:1272,0
DA:1276,0
DA:1277,0
DA:1278,0
DA:1279,0
DA:1282,0
DA:1283,0
DA:1284,0
DA:1287,0
DA:1288,0
DA:1293,0
DA:1294,0
DA:1295,0
DA:1296,0
DA:1297,0
DA:1298,0
DA:1299,0
DA:1300,0
DA:1301,0
DA:1304,0
DA:1308,0
DA:1309,0
DA:1310,0
DA:1312,0
DA:1314,0
DA:1315,0
DA:1316,0
DA:1317,0
DA:1319,0
DA:1322,0
DA:1323,0
DA:1324,0
DA:1325,0
DA:1326,0
DA:1337,1
DA:1338,4
DA:1339,5
DA:1340,4
DA:1341,2
DA:1350,1
DA:1351,2
DA:1352,2
DA:1353,1
DA:1355,2
DA:1356,2
DA:1362,2
DA:1367,0
DA:1368,0
DA:1369,0
DA:1370,0
DA:1371,0
DA:1376,1
DA:1377,4
DA:1378,4
DA:1379,2
DA:1380,4
DA:1381,4
DA:1382,4
DA:1384,2
DA:1387,1
DA:1397,1
DA:1399,1
DA:1401,1
DA:1402,1
DA:1403,1
DA:1404,1
DA:1406,1
DA:1407,1
DA:1408,1
DA:1409,2
DA:1412,1
DA:1413,1
DA:1414,1
DA:1416,2
DA:1436,1
DA:1447,1
DA:1450,1
DA:1451,2
DA:1453,4
DA:1454,4
DA:1455,2
DA:1456,2
DA:1458,1
DA:1459,1
DA:1460,1
DA:1461,1
DA:1462,1
DA:1463,2
DA:1464,2
DA:1469,1
DA:1471,2
DA:1473,2
DA:1475,2
DA:1477,4
DA:1484,1
DA:1485,0
DA:1488,1
DA:1489,1
DA:1490,1
DA:1491,1
DA:1492,1
DA:1497,1
DA:1498,5
DA:1499,1
DA:1500,1
DA:1501,1
DA:1502,5
DA:1503,1
DA:1504,1
DA:1509,1
DA:1510,1
DA:1511,2
DA:1514,1
DA:1515,2
DA:1516,2
DA:1517,1
DA:1518,1
DA:1519,2
DA:1520,1
DA:1521,1
DA:1522,1
DA:1523,1
DA:1525,1
DA:1527,1
DA:1528,1
DA:1533,1
DA:1534,1
DA:1536,1
DA:1537,4
DA:1538,4
DA:1545,1
DA:1548,1
LF:744
LH:516
end_of_record
SF:lib/src/ui/widgets/level_display.dart
DA:7,3
DA:9,1
DA:11,2
DA:13,1
DA:15,1
DA:16,3
DA:17,1
DA:19,1
DA:21,1
DA:22,1
DA:23,2
DA:25,3
DA:28,1
DA:29,2
DA:30,1
DA:33,3
DA:41,1
DA:42,1
DA:43,1
DA:44,1
DA:45,1
DA:46,1
LF:22
LH:22
end_of_record
SF:lib/src/ui/widgets/level_loading_dialog.dart
DA:4,1
DA:5,1
DA:8,0
LF:3
LH:2
end_of_record
SF:lib/src/ui/screens/learning_screen.dart
DA:7,2
DA:8,2
DA:9,2
DA:10,1
DA:11,2
DA:12,1
DA:13,1
DA:22,0
DA:24,1
DA:26,4
DA:28,1
DA:30,1
DA:35,1
DA:36,1
DA:37,0
DA:38,0
DA:40,2
DA:42,1
DA:43,1
DA:44,1
DA:45,1
DA:47,1
DA:49,1
DA:51,1
DA:52,1
DA:53,1
DA:54,1
DA:55,1
DA:56,1
DA:59,1
DA:63,1
DA:68,1
DA:69,1
DA:70,1
DA:72,1
DA:73,2
DA:82,3
DA:84,1
DA:85,1
DA:86,1
DA:88,1
DA:92,1
DA:93,2
DA:94,1
DA:95,2
DA:96,2
DA:97,3
DA:98,2
DA:109,1
DA:110,1
DA:112,1
DA:113,1
DA:114,1
DA:115,1
DA:116,1
DA:117,1
DA:119,1
DA:122,1
DA:124,1
DA:127,1
LF:60
LH:57
end_of_record
SF:lib/main.dart
DA:10,0
DA:11,0
DA:14,0
DA:17,0
DA:25,0
DA:27,0
DA:29,0
DA:30,0
DA:31,0
DA:32,0
DA:37,0
DA:38,0
DA:46,1
DA:48,1
DA:50,1
DA:53,1
DA:54,1
LF:17
LH:5
end_of_record
SF:lib/src/ui/screens/home_screen.dart
DA:18,8
DA:19,4
DA:20,4
DA:21,4
DA:26,1
DA:28,2
DA:30,4
DA:31,6
DA:33,2
DA:35,2
DA:36,2
DA:37,2
DA:38,2
DA:40,2
DA:42,2
DA:44,2
DA:47,2
DA:51,2
DA:53,4
DA:58,2
DA:63,2
DA:64,2
DA:65,2
DA:67,2
DA:68,6
DA:69,2
DA:72,2
DA:77,2
DA:78,4
DA:79,4
DA:83,2
DA:85,2
DA:86,2
DA:87,2
DA:88,4
DA:90,2
DA:91,2
DA:96,2
DA:97,10
DA:98,4
DA:103,2
DA:106,2
DA:111,2
DA:114,0
DA:119,2
DA:122,0
DA:124,0
DA:125,0
DA:132,2
DA:135,0
DA:137,0
DA:138,0
DA:145,2
DA:148,0
DA:150,0
DA:156,2
DA:159,0
DA:161,0
DA:167,2
DA:170,0
DA:172,0
DA:178,2
DA:181,0
DA:183,0
DA:184,0
DA:191,2
DA:194,0
DA:196,0
DA:202,2
DA:205,0
DA:215,0
DA:216,0
DA:219,0
DA:220,0
DA:221,0
DA:222,0
DA:224,0
DA:225,0
DA:228,0
DA:230,0
DA:236,0
DA:237,0
DA:239,0
DA:240,0
DA:241,0
DA:243,0
DA:251,0
DA:252,0
DA:253,0
DA:260,0
DA:261,0
DA:263,0
DA:266,0
DA:267,0
DA:268,0
DA:270,0
DA:276,1
DA:277,2
DA:278,1
DA:280,1
DA:281,0
DA:282,0
DA:284,0
DA:287,0
DA:288,0
DA:289,0
DA:299,1
DA:300,1
DA:302,1
DA:305,1
DA:309,1
DA:310,1
DA:312,1
DA:314,1
DA:317,0
DA:319,0
DA:322,0
DA:323,0
DA:324,0
DA:326,0
DA:338,2
DA:344,2
DA:346,2
DA:349,2
DA:350,2
DA:351,2
DA:352,2
DA:354,2
DA:355,2
DA:358,2
DA:360,2
DA:361,4
DA:363,4
LF:133
LH:76
end_of_record
SF:lib/src/ui/screens/settings_screen.dart
DA:13,3
DA:18,1
DA:20,3
DA:21,1
DA:22,1
DA:23,2
DA:27,1
DA:28,2
DA:29,1
DA:30,2
DA:31,2
DA:32,2
DA:38,1
DA:40,1
DA:42,2
DA:44,1
DA:46,1
DA:51,1
DA:52,1
DA:53,1
DA:54,1
DA:55,0
DA:56,2
DA:60,1
DA:61,4
LF:25
LH:24
end_of_record
SF:lib/src/ui/screens/achievements_screen.dart
DA:7,4
DA:8,2
DA:10,3
DA:11,2
DA:12,3
DA:20,1
DA:22,1
DA:24,2
DA:26,1
DA:28,1
DA:33,1
DA:34,1
DA:35,0
DA:36,0
DA:38,1
DA:39,1
DA:40,1
DA:41,1
DA:42,1
DA:44,1
DA:45,2
DA:46,1
DA:49,1
DA:53,1
DA:54,1
DA:56,1
DA:57,1
DA:58,1
DA:59,2
DA:60,1
DA:62,1
DA:63,1
DA:65,1
DA:66,1
DA:67,1
DA:68,2
DA:70,1
DA:71,1
DA:74,1
DA:75,1
DA:76,1
DA:79,1
DA:80,1
DA:83,1
DA:84,1
DA:85,1
DA:87,1
DA:88,1
DA:112,1
DA:114,1
DA:115,1
DA:116,1
DA:117,1
DA:118,1
DA:119,1
DA:120,1
DA:121,1
LF:57
LH:55
end_of_record
SF:lib/src/ui/screens/collection_screen.dart
DA:12,1
DA:21,4
DA:22,2
DA:23,1
DA:25,1
DA:26,2
DA:27,1
DA:28,1
DA:29,1
DA:30,1
DA:33,1
DA:37,1
DA:39,1
DA:40,1
DA:46,1
DA:48,3
DA:50,1
DA:52,1
DA:57,1
DA:58,1
DA:59,0
DA:60,0
DA:62,1
DA:63,2
DA:66,1
DA:67,1
DA:68,3
DA:69,3
DA:71,1
DA:73,1
DA:74,1
DA:75,1
DA:77,1
DA:78,1
DA:84,1
DA:85,1
DA:86,2
DA:89,5
DA:92,1
DA:93,1
DA:122,1
DA:129,1
DA:131,1
DA:132,1
DA:133,1
DA:134,1
DA:139,1
DA:140,1
DA:141,1
DA:144,2
DA:145,1
DA:150,1
DA:151,2
DA:152,1
DA:154,1
DA:155,2
DA:171,1
DA:172,1
DA:173,0
DA:174,0
DA:175,0
LF:61
LH:56
end_of_record
SF:lib/src/ui/screens/custom_level_screen.dart
DA:10,1
DA:12,1
DA:13,1
DA:20,1
DA:22,1
DA:24,1
DA:29,1
DA:31,1
DA:32,1
DA:34,1
DA:37,1
DA:40,1
DA:41,1
DA:45,1
DA:46,4
DA:47,4
DA:49,1
DA:50,1
DA:51,0
DA:53,1
DA:54,7
DA:55,2
DA:58,1
DA:60,1
DA:63,1
DA:66,1
DA:67,1
DA:71,3
DA:72,1
DA:73,1
DA:74,0
DA:76,1
DA:77,3
DA:78,2
DA:81,1
DA:83,1
DA:84,1
DA:87,1
DA:88,1
DA:90,1
DA:91,1
DA:107,1
DA:108,2
DA:110,3
DA:111,1
DA:114,2
DA:115,6
DA:118,1
DA:119,2
DA:121,1
DA:122,1
DA:123,1
DA:126,0
DA:127,0
DA:128,0
DA:129,0
DA:133,0
DA:134,0
DA:135,0
DA:136,0
DA:137,0
LF:61
LH:50
end_of_record
SF:lib/src/ui/screens/shop_screen.dart
DA:6,1
DA:8,1
DA:10,2
DA:12,1
DA:14,1
DA:16,1
DA:27,1
DA:28,1
DA:29,1
DA:30,1
DA:38,1
DA:39,1
DA:41,1
DA:47,1
DA:49,1
DA:51,1
DA:52,1
DA:53,1
DA:57,2
DA:59,1
DA:63,0
DA:73,1
DA:75,0
DA:77,0
DA:78,0
DA:79,0
DA:83,0
DA:84,0
DA:86,0
DA:90,0
DA:91,0
DA:105,1
DA:113,1
DA:115,1
DA:117,1
DA:118,2
DA:119,2
DA:120,1
DA:122,4
LF:39
LH:29
end_of_record
SF:lib/src/ui/screens/level_select_screen.dart
DA:10,4
DA:11,2
DA:12,2
DA:13,1
DA:18,1
DA:20,1
DA:21,1
DA:29,1
DA:31,1
DA:32,5
DA:33,3
DA:36,1
DA:38,3
DA:39,3
DA:40,1
DA:41,2
DA:42,3
DA:43,3
DA:45,1
DA:47,1
DA:52,1
DA:53,1
DA:54,1
DA:55,1
DA:57,1
DA:59,1
DA:60,1
DA:61,2
DA:65,1
DA:66,3
DA:73,1
DA:74,0
DA:81,1
DA:82,1
DA:84,1
DA:92,1
DA:93,1
DA:94,1
DA:95,1
DA:97,1
DA:98,1
DA:99,1
DA:100,1
DA:101,2
DA:113,1
DA:114,2
DA:116,3
DA:117,1
DA:118,1
DA:119,2
DA:121,1
DA:122,1
DA:123,1
DA:126,0
DA:127,0
DA:128,0
DA:130,0
DA:132,0
DA:133,0
DA:134,0
DA:135,0
DA:136,0
DA:150,1
DA:158,1
DA:164,1
DA:166,1
DA:168,1
DA:169,1
DA:170,1
DA:171,1
DA:173,0
DA:175,1
DA:176,1
DA:179,1
DA:181,1
DA:182,1
DA:183,1
DA:184,1
DA:185,1
DA:187,1
DA:188,1
DA:189,2
DA:190,1
DA:192,1
LF:84
LH:73
end_of_record
SF:lib/src/ui/screens/stats_screen.dart
DA:17,1
DA:29,4
DA:30,2
DA:31,2
DA:32,1
DA:36,4
DA:37,3
DA:38,1
DA:39,1
DA:44,2
DA:45,2
DA:46,1
DA:51,3
DA:52,3
DA:53,1
DA:54,4
DA:55,4
DA:56,4
DA:58,1
DA:59,1
DA:61,1
DA:63,3
DA:67,1
DA:73,1
DA:75,1
DA:77,2
DA:78,2
DA:80,1
DA:82,1
DA:87,1
DA:88,1
DA:89,0
DA:90,0
DA:92,2
DA:94,1
DA:95,1
DA:98,1
DA:99,1
DA:102,2
DA:104,1
DA:107,2
DA:109,1
DA:112,2
DA:114,1
DA:117,2
DA:119,1
DA:122,2
DA:124,1
DA:127,2
DA:129,1
DA:132,2
DA:137,1
DA:139,1
DA:142,1
DA:146,1
DA:147,0
DA:148,0
DA:149,2
DA:151,1
DA:152,1
DA:153,2
DA:156,1
DA:157,2
DA:160,2
DA:161,2
DA:162,2
DA:163,1
DA:167,1
DA:176,1
DA:177,1
DA:178,2
DA:179,1
DA:180,1
DA:181,2
DA:186,4
DA:187,2
DA:188,3
DA:196,1
DA:202,1
DA:204,1
DA:207,1
DA:208,1
DA:209,1
DA:210,2
DA:212,1
DA:213,1
DA:214,3
DA:216,1
DA:217,1
DA:218,1
DA:221,1
DA:225,1
DA:226,1
DA:227,2
LF:94
LH:90
end_of_record
SF:lib/src/engine/generator.dart
DA:16,2
DA:17,2
DA:22,2
DA:23,4
DA:24,8
DA:25,12
DA:26,8
DA:27,8
DA:28,6
DA:35,2
DA:36,4
DA:37,4
DA:38,12
DA:39,6
DA:40,2
DA:45,2
DA:46,4
DA:48,4
DA:49,4
DA:52,2
DA:53,2
DA:55,2
DA:61,2
DA:64,2
DA:66,1
DA:67,1
DA:69,1
DA:74,2
DA:83,2
DA:90,4
DA:93,6
DA:94,2
DA:95,10
DA:96,6
DA:100,4
DA:101,2
DA:102,10
DA:103,6
DA:113,2
DA:114,2
DA:116,4
DA:117,4
DA:119,12
DA:122,4
DA:127,2
DA:129,2
DA:130,2
DA:134,2
DA:137,2
DA:145,2
DA:147,2
DA:148,2
DA:151,2
DA:159,1
DA:161,3
DA:162,3
DA:163,2
DA:164,2
DA:171,3
DA:172,4
DA:173,3
DA:175,2
DA:176,1
DA:182,2
DA:183,5
DA:184,1
DA:185,1
DA:186,1
DA:187,4
DA:188,2
DA:194,1
DA:200,2
DA:201,1
DA:202,2
DA:203,4
DA:212,0
DA:216,0
DA:217,0
DA:218,0
DA:219,0
DA:220,0
DA:221,0
DA:222,0
DA:224,0
DA:229,0
DA:231,0
DA:234,0
DA:235,0
DA:236,0
DA:237,0
DA:238,0
DA:241,0
LF:92
LH:75
end_of_record
SF:lib/src/engine/subgraph_selector.dart
DA:24,2
DA:31,0
DA:32,0
DA:39,2
DA:40,1
DA:48,2
DA:57,10
DA:58,8
DA:59,4
DA:60,2
DA:64,4
DA:66,4
DA:68,2
DA:69,8
DA:72,2
DA:73,2
DA:74,2
DA:76,6
DA:77,2
DA:79,4
DA:83,2
DA:86,4
DA:87,4
DA:89,4
DA:90,2
DA:91,2
DA:92,2
DA:97,4
DA:98,4
DA:101,2
DA:102,6
DA:103,6
DA:104,4
DA:105,10
DA:106,2
DA:112,12
DA:113,10
DA:114,6
DA:115,6
DA:117,2
DA:130,1
DA:142,5
DA:143,4
DA:144,2
DA:145,1
DA:146,1
DA:147,1
DA:151,4
DA:155,2
DA:157,1
DA:158,4
DA:161,1
DA:162,1
DA:163,3
DA:164,1
DA:166,1
DA:169,4
DA:171,2
DA:172,1
DA:173,1
DA:175,4
DA:176,1
DA:177,1
DA:178,1
DA:180,2
DA:181,2
DA:183,2
DA:184,1
DA:185,1
DA:186,1
DA:191,3
DA:192,3
DA:193,2
DA:196,1
DA:197,3
DA:198,3
DA:199,2
DA:200,5
DA:201,1
DA:206,6
DA:207,5
DA:208,3
DA:209,3
DA:211,1
LF:84
LH:82
end_of_record
SF:lib/src/engine/graph_pipeline.dart
DA:18,1
DA:19,1
DA:20,3
DA:21,3
DA:29,1
DA:37,2
DA:42,2
DA:51,0
DA:55,0
DA:63,2
DA:64,1
DA:65,1
DA:72,1
DA:73,1
DA:74,1
DA:77,1
DA:85,1
DA:87,2
DA:88,5
DA:89,1
DA:90,2
DA:91,5
DA:98,3
DA:100,1
DA:101,1
DA:102,1
DA:103,1
DA:104,4
DA:105,1
DA:106,2
DA:107,2
DA:108,2
DA:111,1
DA:112,1
DA:116,4
DA:126,1
LF:36
LH:34
end_of_record
SF:lib/src/engine/layout_engine.dart
DA:19,1
DA:26,0
DA:27,0
DA:28,0
DA:29,0
DA:30,0
DA:34,1
DA:35,2
DA:36,3
DA:37,3
DA:40,0
DA:41,0
DA:42,0
DA:43,0
DA:44,0
DA:51,1
DA:57,1
DA:60,1
DA:65,1
DA:68,1
DA:69,2
DA:70,5
DA:71,5
DA:75,1
DA:76,5
DA:79,1
DA:80,2
DA:81,4
DA:82,4
DA:83,3
DA:84,3
DA:88,1
DA:99,2
DA:100,3
DA:102,1
DA:114,1
DA:120,1
DA:121,1
DA:124,1
DA:125,3
DA:126,1
DA:131,1
DA:132,2
DA:133,6
DA:135,1
DA:139,1
DA:149,1
DA:154,1
DA:162,2
DA:163,1
DA:165,1
DA:166,1
DA:170,1
DA:171,2
DA:172,4
DA:173,1
DA:175,1
DA:176,4
DA:177,4
DA:179,5
DA:180,1
DA:182,1
DA:183,1
DA:191,1
DA:195,1
DA:196,5
DA:198,2
DA:204,2
DA:206,1
DA:207,1
DA:208,3
DA:210,3
DA:211,1
DA:217,2
DA:222,3
DA:223,3
DA:224,1
DA:230,1
DA:239,1
DA:240,1
DA:245,2
DA:246,2
DA:252,1
DA:255,2
DA:256,1
DA:257,1
DA:258,1
DA:262,2
DA:264,2
DA:266,1
DA:267,1
DA:268,1
DA:270,1
DA:271,1
DA:272,5
DA:278,1
DA:283,1
DA:284,1
DA:290,1
DA:291,1
DA:292,5
DA:296,1
DA:303,1
DA:312,2
DA:313,2
DA:314,2
DA:316,6
DA:319,1
DA:321,1
DA:322,1
DA:327,1
DA:329,6
DA:330,2
DA:331,2
DA:332,2
DA:333,1
DA:334,2
DA:335,2
DA:336,1
DA:337,4
DA:338,2
DA:343,1
DA:349,2
DA:350,1
DA:351,1
DA:355,1
DA:361,2
DA:362,1
DA:363,2
DA:364,1
DA:370,1
DA:371,1
DA:372,1
DA:374,2
DA:375,6
DA:376,2
DA:377,1
DA:378,1
DA:379,1
DA:380,1
DA:381,1
DA:385,1
DA:386,1
DA:387,1
DA:388,1
DA:390,2
DA:391,2
DA:392,1
DA:394,1
DA:395,1
DA:397,2
DA:398,1
DA:399,1
DA:400,3
DA:401,2
DA:403,2
DA:404,1
DA:405,1
DA:406,1
DA:407,1
DA:409,1
DA:410,1
DA:412,1
DA:413,3
DA:414,3
DA:417,1
DA:418,1
DA:420,2
DA:421,2
DA:422,1
DA:428,2
DA:429,4
DA:430,1
DA:431,2
DA:435,1
DA:436,6
DA:437,4
DA:438,1
DA:440,1
DA:441,1
DA:446,2
DA:457,1
DA:472,1
LF:183
LH:173
end_of_record
